INFO-FLOW: Workspace K:/sola/sobel_hls/solution1 opened at Fri Jul 19 22:29:16 +0800 2019
Execute     config_clock -quiet -name default -period 10 -default=false 
INFO: [SYN 201-201] Setting up clock 'default' with a period of 10ns.
Execute     open_platform DefaultPlatform 
Execute     import_lib L:/Xilinx_201802/Vivado/2018.2/common/technology/xilinx/zynq/zynq 
Execute       source L:/Xilinx_201802/Vivado/2018.2/common/technology/xilinx/common/xilinx.lib 
Execute         source L:/Xilinx_201802/Vivado/2018.2/common/technology/xilinx/interface/xilinx_interface.lib 
Execute           source L:/Xilinx_201802/Vivado/2018.2/common/technology/xilinx/interface/plb46.lib 
Execute           source L:/Xilinx_201802/Vivado/2018.2/common/technology/xilinx/interface/fsl.lib 
Execute           source L:/Xilinx_201802/Vivado/2018.2/common/technology/xilinx/interface/axi4.lib 
Execute           source L:/Xilinx_201802/Vivado/2018.2/common/technology/xilinx/interface/maxi.lib 
Execute           source L:/Xilinx_201802/Vivado/2018.2/common/technology/xilinx/interface/saxilite.lib 
Execute         source L:/Xilinx_201802/Vivado/2018.2/common/technology/xilinx/common/dsp48.lib 
Execute         source L:/Xilinx_201802/Vivado/2018.2/common/technology/xilinx/ip/dds_compiler.lib 
Execute         source L:/Xilinx_201802/Vivado/2018.2/common/technology/xilinx/ip/xfft.lib 
Execute         source L:/Xilinx_201802/Vivado/2018.2/common/technology/xilinx/ip/xfir.lib 
Execute       source L:/Xilinx_201802/Vivado/2018.2/common/technology/xilinx/common/xilinx_old.lib 
Execute       source L:/Xilinx_201802/Vivado/2018.2/common/technology/xilinx/common/xilinx_vivado.lib 
Execute       source L:/Xilinx_201802/Vivado/2018.2/common/technology/xilinx/common/xilinx.hlp 
Execute         source L:/Xilinx_201802/Vivado/2018.2/common/technology/xilinx/common/target_info.tcl 
Execute         source L:/Xilinx_201802/Vivado/2018.2/common/technology/xilinx/interface/xilinx_interface.hlp 
Execute           source L:/Xilinx_201802/Vivado/2018.2/common/technology/xilinx/interface/maxi.hlp 
Execute           source L:/Xilinx_201802/Vivado/2018.2/common/technology/xilinx/interface/saxilite.hlp 
Execute         source L:/Xilinx_201802/Vivado/2018.2/common/technology/xilinx/common/dsp48.hlp 
Execute       source L:/Xilinx_201802/Vivado/2018.2/common/technology/xilinx/zynq/dsp48e1.hlp 
Execute       get_default_platform 
Execute       config_chip_info -quiet -resource  {SLICE 13300}  {LUT 53200}     {FF 106400} {DSP48E 220}   {BRAM 280}  
Execute       config_chip_info -quiet -speed medium 
Execute       source L:/Xilinx_201802/Vivado/2018.2/common/technology/xilinx/common/xilinx.hlp 
Execute         source L:/Xilinx_201802/Vivado/2018.2/common/technology/xilinx/common/target_info.tcl 
Execute         source L:/Xilinx_201802/Vivado/2018.2/common/technology/xilinx/interface/xilinx_interface.hlp 
Execute           source L:/Xilinx_201802/Vivado/2018.2/common/technology/xilinx/interface/maxi.hlp 
Execute           source L:/Xilinx_201802/Vivado/2018.2/common/technology/xilinx/interface/saxilite.hlp 
Execute         source L:/Xilinx_201802/Vivado/2018.2/common/technology/xilinx/common/dsp48.hlp 
Execute     source L:/Xilinx_201802/Vivado/2018.2/common/technology/xilinx/zynq/zynq.gen 
Execute       source L:/Xilinx_201802/Vivado/2018.2/common/technology/xilinx/common/virtex.gen 
Execute         source L:/Xilinx_201802/Vivado/2018.2/common/technology/xilinx/common/xilinx.gen 
Execute           source L:/Xilinx_201802/Vivado/2018.2/common/technology/xilinx/interface/plb46.gen 
Execute           source L:/Xilinx_201802/Vivado/2018.2/common/technology/xilinx/interface/fsl.gen 
Execute           source L:/Xilinx_201802/Vivado/2018.2/common/technology/xilinx/interface/axi4.gen 
Execute           source L:/Xilinx_201802/Vivado/2018.2/common/technology/xilinx/interface/nativeAXI4.gen 
Execute             source L:/Xilinx_201802/Vivado/2018.2/common/technology/xilinx/interface/saxilite.gen 
Execute             source L:/Xilinx_201802/Vivado/2018.2/common/technology/xilinx/interface/maxi.gen 
Execute           source L:/Xilinx_201802/Vivado/2018.2/common/technology/xilinx/scripts/xilinxcoregen.gen 
Execute           source L:/Xilinx_201802/Vivado/2018.2/common/technology/xilinx/interface/XilEDKCoreGen.gen 
Execute           source L:/Xilinx_201802/Vivado/2018.2/common/technology/xilinx/ip/dds_compiler.gen 
Execute           source L:/Xilinx_201802/Vivado/2018.2/common/technology/xilinx/ip/util.gen 
Execute           source L:/Xilinx_201802/Vivado/2018.2/common/technology/xilinx/ip/xfft.gen 
Command           ap_source done; 0.113 sec.
Execute           source L:/Xilinx_201802/Vivado/2018.2/common/technology/xilinx/ip/xfir.gen 
Command         ap_source done; 0.157 sec.
Execute         source L:/Xilinx_201802/Vivado/2018.2/common/technology/xilinx/common/dsp48.gen 
Command       ap_source done; 0.16 sec.
Command     ap_source done; 0.16 sec.
Execute     open_platform DefaultPlatform 
Execute     import_lib L:/Xilinx_201802/Vivado/2018.2/common/technology/xilinx/zynq/zynq_fpv6 
Execute       source L:/Xilinx_201802/Vivado/2018.2/common/technology/xilinx/common/xilinx_fpv7.lib 
Execute         source L:/Xilinx_201802/Vivado/2018.2/common/technology/xilinx/common/xilinx_hp.lib 
Execute       source L:/Xilinx_201802/Vivado/2018.2/common/technology/xilinx/common/xilinx_fpv.hlp 
Execute         source L:/Xilinx_201802/Vivado/2018.2/common/technology/xilinx/common/xilinx.hlp 
Execute           source L:/Xilinx_201802/Vivado/2018.2/common/technology/xilinx/common/target_info.tcl 
Execute           source L:/Xilinx_201802/Vivado/2018.2/common/technology/xilinx/interface/xilinx_interface.hlp 
Execute             source L:/Xilinx_201802/Vivado/2018.2/common/technology/xilinx/interface/maxi.hlp 
Execute             source L:/Xilinx_201802/Vivado/2018.2/common/technology/xilinx/interface/saxilite.hlp 
Execute           source L:/Xilinx_201802/Vivado/2018.2/common/technology/xilinx/common/dsp48.hlp 
Execute       source L:/Xilinx_201802/Vivado/2018.2/common/technology/xilinx/zynq/zynq_hp.hlp 
Execute     source L:/Xilinx_201802/Vivado/2018.2/common/technology/xilinx/zynq/zynq_fpv6.gen 
Execute       source L:/Xilinx_201802/Vivado/2018.2/common/technology/xilinx/common/xilinx_fpv6.gen 
Execute     set_part xc7z010clg400-1 
Execute       add_library xilinx/zynq/zynq:xc7z010:clg400:-1 
Execute         get_default_platform 
Execute         license_isbetapart xc7z010 
Command         license_isbetapart done; error code: 1; 
Execute         get_default_platform 
Execute         config_chip_info -quiet -resource  {SLICE 4400}   {LUT 17600}     {FF 35200}  {DSP48E 80}    {BRAM 120}  
Execute         config_chip_info -quiet -speed slow 
Execute       add_library xilinx/zynq/zynq_fpv6 
Execute         get_default_platform 
INFO: [HLS 200-10] Setting target device to 'xc7z010clg400-1'
Execute       get_default_platform 
Execute     get_default_platform 
Execute     config_chip_info -quiet -resource  {SLICE 4400}   {LUT 17600}     {FF 35200}  {DSP48E 80}    {BRAM 120}  
Execute     config_chip_info -quiet -speed slow 
Command   open_solution done; 0.293 sec.
Execute   set_part xc7z010clg400-1 -tool vivado 
Execute     add_library xilinx/zynq/zynq:xc7z010:clg400:-1 
Execute       get_default_platform 
Execute       license_isbetapart xc7z010 
Command       license_isbetapart done; error code: 1; 
Execute       get_default_platform 
Execute       config_chip_info -quiet -resource  {SLICE 4400}   {LUT 17600}     {FF 35200}  {DSP48E 80}    {BRAM 120}  
Execute       config_chip_info -quiet -speed slow 
Execute     add_library xilinx/zynq/zynq_fpv6 
Execute       get_default_platform 
Execute     get_default_platform 
Execute   create_clock -period 10 -name default 
Execute   csynth_design 
Execute     get_config_compile -effort 
Execute     get_config_compile -enable_clang39 
Execute     get_config_compile -g 
Execute     get_config_compile -lm 
Execute     get_config_compile -ng 
Execute     get_config_compile -opt_fp 
Execute     get_config_compile -skip_cdt 
Execute     get_config_compile -skip_syncheck 
Execute     get_config_compile -skip_transform 
Execute     get_config_compile -keep_printf 
Execute     elaborate -effort=medium -skip_syncheck=0 -keep_printf=0 -lm=0 -skip_cdt=0 -skip_transform=0 -ng=0 -g=0 -opt_fp=0 -from_csynth_design=1 
Execute       get_config_schedule -relax_ii_for_timing 
Execute       get_config_schedule -suppress_dependence_error_break 
INFO: [HLS 200-10] Analyzing design file 'sobel_hls/sobel.cpp' ... 
INFO-FLOW: Compiling one TU...
Execute       is_m_axi_addr64 
INFO-FLOW: Handling sobel_hls/sobel.cpp as C++
Execute       get_default_platform 
Execute       is_encrypted sobel_hls/sobel.cpp 
Execute       get_default_platform 
INFO-FLOW: Source preprocessing
Execute       clang  -fno-limit-debug-info -gcc-toolchain "L:/Xilinx_201802/Vivado/2018.2/msys" -hls  -fno-exceptions  -D__llvm__  -E "sobel_hls/sobel.cpp"     -fno-math-errno -c -emit-llvm -O0  -mllvm -disable-llvm-optzns -fno-threadsafe-statics  -fno-use-cxa-atexit  -fno-threadsafe-statics -fno-use-cxa-atexit -D__CLANG_3_1__ -D__cdecl= -DAESL_SYN -D__SYNTHESIS__ -D__HLS_SYN__ -I "L:/Xilinx_201802/Vivado/2018.2/common/technology/autopilot" -I "L:/Xilinx_201802/Vivado/2018.2/common/technology/autopilot/ap_sysc" -include etc/autopilot_ssdm_op.h -D__DSP48E1__  -o "K:/sola/sobel_hls/solution1/.autopilot/db/sobel.pp.0.cpp" 
INFO-FLOW: exec L:/Xilinx_201802/Vivado/2018.2/win64/tools/clang/bin/clang -fno-limit-debug-info -gcc-toolchain L:/Xilinx_201802/Vivado/2018.2/msys -hls -fno-exceptions -D__llvm__ -E sobel_hls/sobel.cpp -fno-math-errno -c -emit-llvm -O0 -mllvm -disable-llvm-optzns -fno-threadsafe-statics -fno-use-cxa-atexit -fno-threadsafe-statics -fno-use-cxa-atexit -D__CLANG_3_1__ -D__cdecl= -DAESL_SYN -D__SYNTHESIS__ -D__HLS_SYN__ -I L:/Xilinx_201802/Vivado/2018.2/common/technology/autopilot -I L:/Xilinx_201802/Vivado/2018.2/common/technology/autopilot/ap_sysc -include etc/autopilot_ssdm_op.h -D__DSP48E1__ -o K:/sola/sobel_hls/solution1/.autopilot/db/sobel.pp.0.cpp
Command       clang done; 7.14 sec.
INFO-FLOW: Syntax Checking before pre-processing...
Execute       clang  -fno-limit-debug-info -gcc-toolchain "L:/Xilinx_201802/Vivado/2018.2/msys" -hls    -fno-math-errno -c -emit-llvm -O0  -mllvm -disable-llvm-optzns -fno-threadsafe-statics  -fno-use-cxa-atexit  -fno-threadsafe-statics -fno-use-cxa-atexit -D__CLANG_3_1__ -D__cdecl= -DAESL_SYN -D__SYNTHESIS__ -D__HLS_SYN__ -I "L:/Xilinx_201802/Vivado/2018.2/common/technology/autopilot" -I "L:/Xilinx_201802/Vivado/2018.2/common/technology/autopilot/ap_sysc" -include etc/autopilot_ssdm_op.h -D__DSP48E1__  "K:/sola/sobel_hls/solution1/.autopilot/db/sobel.pp.0.cpp"  -o "K:/sola/sobel_hls/solution1/.autopilot/db/useless.bc"  
INFO-FLOW: exec L:/Xilinx_201802/Vivado/2018.2/win64/tools/clang/bin/clang -fno-limit-debug-info -gcc-toolchain L:/Xilinx_201802/Vivado/2018.2/msys -hls -fno-math-errno -c -emit-llvm -O0 -mllvm -disable-llvm-optzns -fno-threadsafe-statics -fno-use-cxa-atexit -fno-threadsafe-statics -fno-use-cxa-atexit -D__CLANG_3_1__ -D__cdecl= -DAESL_SYN -D__SYNTHESIS__ -D__HLS_SYN__ -I L:/Xilinx_201802/Vivado/2018.2/common/technology/autopilot -I L:/Xilinx_201802/Vivado/2018.2/common/technology/autopilot/ap_sysc -include etc/autopilot_ssdm_op.h -D__DSP48E1__ K:/sola/sobel_hls/solution1/.autopilot/db/sobel.pp.0.cpp -o K:/sola/sobel_hls/solution1/.autopilot/db/useless.bc
Command       clang done; 7.598 sec.
INFO-FLOW: GCC PP time: 14 seconds per iteration
Execute       list_core -type functional_unit 
Execute       tidy_31 xilinx-systemc-detector K:/sola/sobel_hls/solution1/.autopilot/db/sobel.pp.0.cpp std=gnu++98 -directive=K:/sola/sobel_hls/solution1/.autopilot/db/.systemc_flag 
INFO-FLOW: exec L:/Xilinx_201802/Vivado/2018.2/win64/tools/clang-3.9-csynth/bin/tidy-3.1 -header-filter=.* --checks=-*,xilinx-systemc-detector -import-directive=K:/sola/sobel_hls/solution1/.autopilot/db/.systemc_flag -quiet -fix-errors K:/sola/sobel_hls/solution1/.autopilot/db/sobel.pp.0.cpp -- -std=gnu++98 -fhls -ferror-limit=0
Command       tidy_31 done; 3.679 sec.
INFO-FLOW: CDT Preprocessing with tidy-3.1...
Execute       tidy_31 xilinx-directive2pragma K:/sola/sobel_hls/solution1/.autopilot/db/sobel.pp.0.cpp std=gnu++98 -directive=K:/sola/sobel_hls/solution1/solution1.json 
INFO-FLOW: exec L:/Xilinx_201802/Vivado/2018.2/win64/tools/clang-3.9-csynth/bin/tidy-3.1 -header-filter=.* --checks=-*,xilinx-directive2pragma -import-directive=K:/sola/sobel_hls/solution1/solution1.json -quiet -fix-errors K:/sola/sobel_hls/solution1/.autopilot/db/sobel.pp.0.cpp -- -std=gnu++98 -fhls -ferror-limit=0
Command       tidy_31 done; 3.686 sec.
Execute       get_config_dataflow -strict_mode 
Execute       ap_eval exec -ignorestderr L:/Xilinx_201802/Vivado/2018.2/win64/tools/clang-3.9-csynth/bin/xilinx-dataflow-lawyer -export-fixes=K:/sola/sobel_hls/solution1/.autopilot/db/xilinx-dataflow-lawyer.sobel.pp.0.cpp.diag.yml K:/sola/sobel_hls/solution1/.autopilot/db/sobel.pp.0.cpp -- -std=gnu++98 -fhls -ferror-limit=0 -fstrict-dataflow > K:/sola/sobel_hls/solution1/.autopilot/db/xilinx-dataflow-lawyer.sobel.pp.0.cpp.out.log 2> K:/sola/sobel_hls/solution1/.autopilot/db/xilinx-dataflow-lawyer.sobel.pp.0.cpp.err.log 
Command       ap_eval done; 3.671 sec.
Execute       tidy_31 -errorcheck xilinx-constantarray-param,xilinx-resource-pragma-transformer K:/sola/sobel_hls/solution1/.autopilot/db/sobel.pp.0.cpp std=gnu++98 
INFO-FLOW: exec L:/Xilinx_201802/Vivado/2018.2/win64/tools/clang-3.9-csynth/bin/tidy-3.1 -header-filter=.* --checks=-*,xilinx-constantarray-param,xilinx-resource-pragma-transformer -quiet -fix-errors K:/sola/sobel_hls/solution1/.autopilot/db/sobel.pp.0.cpp -- -std=gnu++98 -fhls -ferror-limit=0
INFO-FLOW: exec L:/Xilinx_201802/Vivado/2018.2/win64/tools/clang-3.9-csynth/bin/xilinx-legacy-rewriter K:/sola/sobel_hls/solution1/.autopilot/db/sobel.pp.0.cpp -- -std=gnu++98 -fhls -ferror-limit=0
Command       tidy_31 done; 7.861 sec.
INFO-FLOW: tidy-3.1 time 15 seconds per iteration
INFO-FLOW: Pragma Handling...
Execute       tidy_31 xilinx-ssdm-intrinsics-arguments K:/sola/sobel_hls/solution1/.autopilot/db/sobel.pragma.1.cpp std=gnu++98 
INFO-FLOW: exec L:/Xilinx_201802/Vivado/2018.2/win64/tools/clang-3.9-csynth/bin/tidy-3.1 -header-filter=.* --checks=-*,xilinx-ssdm-intrinsics-arguments -quiet -fix-errors K:/sola/sobel_hls/solution1/.autopilot/db/sobel.pragma.1.cpp -- -std=gnu++98 -fhls -ferror-limit=0
Command       tidy_31 done; 4.235 sec.
INFO-FLOW: Source preprocessing
Execute       clang  -fno-limit-debug-info -gcc-toolchain "L:/Xilinx_201802/Vivado/2018.2/msys" -hls  -fno-exceptions  -D__llvm__  -E "K:/sola/sobel_hls/solution1/.autopilot/db/sobel.pragma.1.cpp"     -fno-math-errno -c -emit-llvm -O0  -mllvm -disable-llvm-optzns -fno-threadsafe-statics  -fno-use-cxa-atexit  -fno-threadsafe-statics -fno-use-cxa-atexit -D__CLANG_3_1__ -D__cdecl= -DAESL_SYN -D__SYNTHESIS__ -D__HLS_SYN__ -I "L:/Xilinx_201802/Vivado/2018.2/common/technology/autopilot" -I "L:/Xilinx_201802/Vivado/2018.2/common/technology/autopilot/ap_sysc" -include etc/autopilot_ssdm_op.h -D__DSP48E1__  -o "K:/sola/sobel_hls/solution1/.autopilot/db/sobel.pragma.2.cpp" 
INFO-FLOW: exec L:/Xilinx_201802/Vivado/2018.2/win64/tools/clang/bin/clang -fno-limit-debug-info -gcc-toolchain L:/Xilinx_201802/Vivado/2018.2/msys -hls -fno-exceptions -D__llvm__ -E K:/sola/sobel_hls/solution1/.autopilot/db/sobel.pragma.1.cpp -fno-math-errno -c -emit-llvm -O0 -mllvm -disable-llvm-optzns -fno-threadsafe-statics -fno-use-cxa-atexit -fno-threadsafe-statics -fno-use-cxa-atexit -D__CLANG_3_1__ -D__cdecl= -DAESL_SYN -D__SYNTHESIS__ -D__HLS_SYN__ -I L:/Xilinx_201802/Vivado/2018.2/common/technology/autopilot -I L:/Xilinx_201802/Vivado/2018.2/common/technology/autopilot/ap_sysc -include etc/autopilot_ssdm_op.h -D__DSP48E1__ -o K:/sola/sobel_hls/solution1/.autopilot/db/sobel.pragma.2.cpp
Command       clang done; 7.092 sec.
Execute       get_default_platform 
INFO-FLOW: Processing labels
Execute       clang -src K:/sola/sobel_hls/solution1/.autopilot/db/sobel.pragma.2.cpp  -fno-limit-debug-info -gcc-toolchain L:/Xilinx_201802/Vivado/2018.2/msys -hls -hls-analyze-label -hls-analyze-pragma -fno-exceptions  -D__llvm__  -w  "K:/sola/sobel_hls/solution1/.autopilot/db/sobel.pragma.2.cpp"    -fno-math-errno -c -emit-llvm -O0  -mllvm -disable-llvm-optzns -fno-threadsafe-statics  -fno-use-cxa-atexit -DAESL_SYN -D__SYNTHESIS__ -D__HLS_SYN__ -I "L:/Xilinx_201802/Vivado/2018.2/common/technology/autopilot" -I "L:/Xilinx_201802/Vivado/2018.2/common/technology/autopilot/ap_sysc" -include etc/autopilot_ssdm_op.h -D__DSP48E1__ -g -o "K:/sola/sobel_hls/solution1/.autopilot/db/sobel.bc" 
INFO-FLOW: exec L:/Xilinx_201802/Vivado/2018.2/win64/tools/clang/bin/clang -fno-limit-debug-info -gcc-toolchain L:/Xilinx_201802/Vivado/2018.2/msys -hls -hls-analyze-label -hls-analyze-pragma -fno-exceptions -D__llvm__ -w K:/sola/sobel_hls/solution1/.autopilot/db/sobel.pragma.2.cpp -fno-math-errno -c -emit-llvm -O0 -mllvm -disable-llvm-optzns -fno-threadsafe-statics -fno-use-cxa-atexit -DAESL_SYN -D__SYNTHESIS__ -D__HLS_SYN__ -I L:/Xilinx_201802/Vivado/2018.2/common/technology/autopilot -I L:/Xilinx_201802/Vivado/2018.2/common/technology/autopilot/ap_sysc -include etc/autopilot_ssdm_op.h -D__DSP48E1__ -g -o K:/sola/sobel_hls/solution1/.autopilot/db/sobel.bc
Command       clang done; 7.65 sec.
INFO-FLOW: Linking Debug ...
Execute       llvm-ld K:/sola/sobel_hls/solution1/.autopilot/db/sobel.g.bc -hls-opt -except-internalize sobel_filter -LL:/Xilinx_201802/Vivado/2018.2/win64/lib -lhlsm -lhlsmc++ -o K:/sola/sobel_hls/solution1/.autopilot/db/a.g 
Command       llvm-ld done; 3.939 sec.
INFO: [HLS 200-111] Finished Linking Time (s): cpu = 00:00:01 ; elapsed = 00:00:58 . Memory (MB): peak = 103.676 ; gain = 45.090
INFO: [HLS 200-111] Finished Checking Pragmas Time (s): cpu = 00:00:01 ; elapsed = 00:00:58 . Memory (MB): peak = 103.676 ; gain = 45.090
Execute       ::config_rtl 
Execute       opt_and_import_c a -opt_level=2 -skip_syncheck=0 -ng=0 -keep_printf=0 
Execute         cleanup_all_models 
INFO: [HLS 200-10] Starting code transformations ...
Execute         transform -promote-dbg-pointer K:/sola/sobel_hls/solution1/.autopilot/db/a.pp.bc -o K:/sola/sobel_hls/solution1/.autopilot/db/a.pp.0.bc -f 
Execute         llvm-ld K:/sola/sobel_hls/solution1/.autopilot/db/a.pp.0.bc -disable-opt -LL:/Xilinx_201802/Vivado/2018.2/win64/lib -lfloatconversion -o K:/sola/sobel_hls/solution1/.autopilot/db/a.g.0 
Command         llvm-ld done; 3.553 sec.
INFO-FLOW: Running Standard Transforms...
Execute         transform -hls -share-std-xform -demangle-name -inline-byval-memcpy -always-inline -promote-dbg-pointer -interface-preproc -scalarrepl -mem2reg -keep-read-access -instcombine -dce -promote-dbg-pointer -bitop-raise -loop-simplify -indvarspre -indvars -loop-simplify -xunroll -constprop -instcombine -simplifycfg -indvars -simplifycfg -dce -globaldce -basicaa -simplifycfg -mem2reg -globalopt -global-constprop -deadargelim -instcombine -simplifycfg -prune-eh -simplifycfg -scalarrepl -instcombine -reassociate -licm -simplifycfg -loop-simplify -indvars -instcombine -simplifycfg -mem2reg -loop-simplify -indvars -instcombine -gvn -gvn -instcombine -adce -break-crit-edges -simplifycfg -loop-delete -global-array-opt -dce -dse -adce -find-syn-modules -top sobel_filter -deadargelim -mem2reg -instcombine -dce -presyn-prepare -auto-rom-infer -interface-preproc -syn-check -check-rec-only -find-region -simplifycfg -func-extr -function-inline -globaldce -mem2reg -instcombine -dce -gvn -globaldce -adce -adse -constprop -instcombine -bit-constprop -instcombine -dce -simplifycfg -bitop-raise -simplifycfg -dce -loop-delete -reassociate -globalopt -global-privatize -mem2reg -dce -global-constprop -pointer-simplify -constprop -dce -func-inst -deadargelim -auto-shift-reg-idiom -promote-dbg-pointer -norm-name K:/sola/sobel_hls/solution1/.autopilot/db/a.g.0.bc -o K:/sola/sobel_hls/solution1/.autopilot/db/a.g.1.bc -f -phase std-opt 
INFO: [HLS 200-111] Finished Standard Transforms Time (s): cpu = 00:00:01 ; elapsed = 00:01:02 . Memory (MB): peak = 108.785 ; gain = 50.199
INFO: [HLS 200-10] Checking synthesizability ...
INFO-FLOW: Checking Synthesizability 1/2..
Execute         transform -hls -syn-check -check-rec-only -disaggr -scalarrepl -norm-name -dce -mem2reg -instcombine -function-uniquify -directive-preproc -mem2reg -dse -dce -auto-rom-infer -dce -array-normalize -instcombine -dce -warn-fifo-pointer -array-seg-normalize -instcombine -dce -array-flatten -instcombine -dce -array-burst -dce -deadargelim -promote-global-argument -simplifycfg -mem2reg -globaldce -resolve-double-ptr -dce -deadargelim -dce -instcombine -function-inline -globaldce -dce -doublePtrSimplify -doublePtrElim -dce -doublePtrSimplify -promote-dbg-pointer -dce -scalarrepl -dse -adse -instcombine -ptrLegalization -simplifycfg -dce -instcombine -pointer-simplify -ptrArgReplace -dce -instcombine -disaggr -scalarrepl -norm-name -dce -mem2reg -instcombine -ptrLegalization -simplifycfg -deadargelim -instcombine -dce -inst-simplify -function-uniquify -directive-preproc -mem2reg -dse -dce -globaldce K:/sola/sobel_hls/solution1/.autopilot/db/a.g.1.bc -o K:/sola/sobel_hls/solution1/.autopilot/db/a.g.2.prechk.bc -f 
INFO: [XFORM 203-602] Inlining function 'rgb2y' into 'sobel_filter' (sobel_hls/sobel.cpp:41) automatically.
INFO-FLOW: Checking Synthesizability 2/2..
Execute         transform -syn-check K:/sola/sobel_hls/solution1/.autopilot/db/a.g.2.prechk.bc -o K:/sola/sobel_hls/solution1/.autopilot/db/a.g.2.bc -f -phase syn-check 
INFO: [HLS 200-111] Finished Checking Synthesizability Time (s): cpu = 00:00:01 ; elapsed = 00:01:02 . Memory (MB): peak = 112.453 ; gain = 53.867
INFO-FLOW: Compiler optimizing ...
INFO-FLOW: Share syncheck's 1.bc for syn flow: copy K:/sola/sobel_hls/solution1/.autopilot/db/a.g.1.bc to K:/sola/sobel_hls/solution1/.autopilot/db/a.o.1.bc
INFO-FLOW: Presyn 1...
Execute         transform -hls -tmp K:/sola/sobel_hls/solution1/.autopilot/db -interface-port-rename -type-info -function-uniquify -directive-preproc -mem2reg -dse -dce -disaggr -scalarrepl -norm-name -deadargelim -mem2reg -instcombine -dce -simplifycfg -auto-rom-infer -dce -function-uniquify -resource-proc -simplifycfg -mem2reg -globaldce -resolve-double-ptr -dce -deadargelim -dce -instcombine -clib-intrinsic-prepare -dce -func-buffer -dce -array-normalize -func-legal -instcombine -gvn -constprop -dce -ptrArgReplace -mem2reg -instcombine -dce -array-seg-normalize -deadargelim -instcombine -dce -pointer-simplify -dce -port-alignment -dce -interface-preproc -data-pack -instcombine -dce -basicaa -aggr-aa -aggrmodref-aa -aggr-aa -gvn -gvn -basicaa -aggr-aa -aggrmodref-aa -aggr-aa -dse -adse -adce -loop-simplify -indvars -instcombine -gvn -loop-simplify -mem2reg -dce -find-region -instcombine -auto-loop-pipeline -inst-simplify -interface-preproc -cfgopt -instcombine -indvars -auto-loop-unroll -loop-simplify -loop-bound -xunroll -constprop -instcombine -simplifycfg -indvars -simplifycfg -dce -globaldce -clean-region -attach-range -gvn -inst-simplify -constprop -simplifycfg -dce -pointer-simplify -dce -globalopt -constprop -dce -array-promote -constprop -instcombine -dce -ptrArgReplace -mem2reg -instcombine -simplifycfg -dce -auto-par -instcombine -dce -array-transform-check -array-reshape -instcombine -simplifycfg -dce -ptrArgReplace -deadargelim -mem2reg -instcombine -simplifycfg -dce -indvars -loop-simplify -loop-bound -xunroll -constprop -instcombine -simplifycfg -indvars -simplifycfg -dce -globaldce -duplicate-dataflow-processes -globaldce -instcombine -array-partition -instcombine -simplifycfg -dce -ptrArgReplace -global-constprop -deadargelim -mem2reg -func-legal -instcombine -dce -global-constprop -deadargelim -mem2reg -instcombine -simplifycfg -dce -merge-param -deadargelim -globalopt -constprop -dce -array-promote -constprop -instcombine -dce -ptrArgReplace -mem2reg -instcombine -simplifycfg -dce -mem-intrinsic-preproc -dce -global-internalize -global-privatize -mem2reg -globaldce -promote-global-argument -ptrArgReplace -mem2reg -instcombine -dce -globalopt -mergereturn -simplify-global-access -mem2reg -dce -pointer-simplify -dce -functionattrs -basicaa -aggr-aa -aggrmodref-aa -aggr-aa -gvn -gvn -basicaa -aggr-aa -aggrmodref-aa -aggr-aa -dse -adse -adce -inst-simplify -dce -norm-name -function-inline -globaldce -func-inst -constprop -instcombine -simplifycfg -dce -func-legal -dce -loop-bound -arraycheck -bitwidthmin -on-by-dataflow -loop-delete -instcombine -simplifycfg -globaldce -dce -gvn -deadargelim -dce -loop-simplify -clean-region -simplifycfg -propagate-stable-arguments -loop-stream -instcombine -simplifycfg -dce -globaldce -duplicate-dataflow-processes -stream-intrinsic-preproc -dce -check-ap-stream -loop-simplify -eliminate-keepreads -extract-dataflow-in-loop -loop-simplify -dce -gvn -deadargelim -dse -check-dataflow-syntax -legalize-stream-variable -legalize-global -extract-subproc -dce -dead-channel-elimination -canonicalize-gep -globaldce -dce -gvn -deadargelim -annotate-dataflow-channels -scalar-propagation -deadargelim -globaldce -mem2reg -check-dataflow-channels -function-stream -dce -globaldce -prop-fifo-spec -internal-stream-gen -canonicalize-gep -globaldce -dce -gvn -deadargelim -mergereturn -indvars -loop-simplify -instcombine -array-stream -array-seg-normalize -array-partition -func-legal -instcombine -simplifycfg -dce -bundle-memfifo-ops -deadargelim -function-uniquify -directive-preproc -mem2reg -dse -dce -group-axi-access -licm -simplifycfg -dce -loop-delete -norm-name K:/sola/sobel_hls/solution1/.autopilot/db/a.o.1.bc -o K:/sola/sobel_hls/solution1/.autopilot/db/a.o.1.tmp.bc -f 
INFO: [XFORM 203-101] Partitioning array 'new_pix' (sobel_hls/sobel.cpp:33) in dimension 1 completely.
INFO: [XFORM 203-602] Inlining function 'rgb2y' into 'sobel_filter' (sobel_hls/sobel.cpp:41) automatically.
Command         transform done; 0.232 sec.
INFO-FLOW: Presyn 2...
Execute         transform -hls -keep-callgraph -scalarrepl -mem2reg -port-alignment -attach-range -dce -pipe-mux-gen -indvars -loop-bound -inst-simplify -instcombine -dce -merge-array-access -mem2reg -dce -clean-region -mergereturn -if-conv -instcombine -dce -constprop -basicaa -aggr-aa -aggrmodref-aa -aggr-aa -gvn -gvn -basicaa -aggr-aa -aggrmodref-aa -aggr-aa -dse -adse -adce -scalarrepl -mem2reg -global-constprop -deadargelim -deadargelim -instcombine -dce -simplifycfg -ptrArgReplace -mem2reg -function-inline -globaldce -mem2reg -instcombine -dce -expr-balance -instcombine -dce -bitwidthmin -interface-preproc -directive-preproc -inst-rectify -instcombine -dce -functionattrs -constprop -instcombine -bit-constprop -simplify-global-access -globalopt -globaldce -inst-simplify -instcombine -elimdeaddata -dce -loop-delete -simplifycfg -loop-simplify -auto-burst -norm-name K:/sola/sobel_hls/solution1/.autopilot/db/a.o.1.tmp.bc -o K:/sola/sobel_hls/solution1/.autopilot/db/a.o.2.bc -f -phase presyn 
INFO: [XFORM 203-11] Balancing expressions in function 'sobel_filter' (sobel_hls/sobel.cpp:20)...3 expression(s) balanced.
INFO: [HLS 200-111] Finished Pre-synthesis Time (s): cpu = 00:00:01 ; elapsed = 00:01:03 . Memory (MB): peak = 136.750 ; gain = 78.164
INFO-FLOW: Building ssdm...
Execute         transform -hls -function-uniquify -auto-function-inline -globaldce -ptrArgReplace -mem2reg -instcombine -dce -reset-lda -loop-simplify -indvars -licm -loop-dep -loop-bound -licm -loop-simplify -flattenloopnest -array-flatten -gvn -instcombine -dce -array-map -dce -func-legal -gvn -adce -instcombine -cfgopt -simplifycfg -loop-simplify -array-burst -promote-global-argument -dce -axi4-lower -array-seg-normalize -basicaa -aggrmodref-aa -globalsmodref-aa -aggr-aa -gvn -gvn -basicaa -aggrmodref-aa -globalsmodref-aa -aggr-aa -dse -adse -adce -licm -inst-simplify -dce -globaldce -instcombine -array-stream -eliminate-keepreads -instcombine -dce -deadargelim -doublePtrSimplify -doublePtrElim -dce -doublePtrSimplify -promote-dbg-pointer -dce -scalarrepl -mem2reg -disaggr -norm-name -mem2reg -instcombine -dse -adse -adce -ptrLegalization -dce -auto-rom-infer -array-flatten -dce -instcombine -check-doubleptr -loop-rot -constprop -cfgopt -simplifycfg -loop-simplify -indvars -pointer-simplify -dce -loop-bound -loop-simplify -loop-preproc -constprop -global-constprop -gvn -mem2reg -instcombine -dce -loop-bound -loop-merge -dce -bitwidthmin -deadargelim -dce -canonicalize-dataflow -dce -scalar-propagation -deadargelim -globaldce -mem2reg -read-loop-dep -interface-preproc -directive-preproc -interface-gen -bram-byte-enable -deadargelim -inst-simplify -dce -gvn -mem2reg -instcombine -dce -adse -loop-bound -instcombine -cfgopt -simplifycfg -loop-simplify -clean-region -io-protocol -find-region -mem2reg -bitop-raise -inst-simplify -inst-rectify -instcombine -adce -deadargelim -loop-simplify -phi-opt -bitop-raise -cfgopt -simplifycfg -strip-dead-prototypes -interface-lower -bitop-lower -intrinsic-lower -auto-function-inline -basicaa -aggrmodref-aa -globalsmodref-aa -aggr-aa -inst-simplify -simplifycfg -loop-simplify -mergereturn -inst-simplify -inst-rectify -dce -load-elim -bitop-lower -loop-rewind -pointer-simplify -dce -cfgopt -dce -bitwidth -loop-dep -read-loop-dep -dce -check-stream -norm-name -legalize -validate-dataflow -dead-allocation-elimination -cdfg-build K:/sola/sobel_hls/solution1/.autopilot/db/a.o.2.bc -o K:/sola/sobel_hls/solution1/.autopilot/db/a.o.3.bc -f -phase build-ssdm 
Command         transform done; 0.196 sec.
INFO: [HLS 200-111] Finished Architecture Synthesis Time (s): cpu = 00:00:01 ; elapsed = 00:01:03 . Memory (MB): peak = 138.504 ; gain = 79.918
INFO-FLOW: Finish building internal data model.
Command       opt_and_import_c done; 4.22 sec.
Command     elaborate done; 61.623 sec.
Execute     autosyn -from_csynth_design=1 
INFO: [HLS 200-10] Starting hardware synthesis ...
INFO-FLOW: Synthesizing C/C++ design ...
INFO: [HLS 200-10] Synthesizing 'sobel_filter' ...
Execute       ap_set_top_model sobel_filter 
Execute       get_model_list sobel_filter -filter all-wo-channel -topdown 
Execute       preproc_iomode -model sobel_filter 
Execute       get_model_list sobel_filter -filter all-wo-channel 
INFO-FLOW: Model list for configure: sobel_filter
INFO-FLOW: Configuring Module : sobel_filter ...
Execute       set_default_model sobel_filter 
Execute       apply_spec_resource_limit sobel_filter 
INFO-FLOW: Model list for preprocess: sobel_filter
INFO-FLOW: Preprocessing Module: sobel_filter ...
Execute       set_default_model sobel_filter 
Execute       cdfg_preprocess -model sobel_filter 
Execute       rtl_gen_preprocess sobel_filter 
INFO-FLOW: Model list for synthesis: sobel_filter
INFO: [HLS 200-10] ----------------------------------------------------------------
INFO: [HLS 200-42] -- Implementing module 'sobel_filter' 
INFO: [HLS 200-10] ----------------------------------------------------------------
Execute       set_default_model sobel_filter 
Execute       schedule -model sobel_filter 
INFO: [SCHED 204-11] Starting scheduling ...
INFO: [SCHED 204-61] Pipelining loop 'Loop 1'.
INFO: [SCHED 204-61] Pipelining result : Target II = 1, Final II = 1, Depth = 4.
WARNING: [SCHED 204-21] Estimated clock period (10.283ns) exceeds the target (target clock period: 10ns, clock uncertainty: 1.25ns, effective delay budget: 8.75ns).
WARNING: [SCHED 204-21] The critical path consists of the following:
	axis read on port 'inter_pix_V_V' (sobel_hls/sobel.cpp:37) (0 ns)
	'mul' operation ('tmp_mul2', sobel_hls/sobel.cpp:11->sobel_hls/sobel.cpp:41) (3.36 ns)
	'add' operation ('tmp_add1', sobel_hls/sobel.cpp:13->sobel_hls/sobel.cpp:41) (3.02 ns)
	'add' operation ('tmp_3_i', sobel_hls/sobel.cpp:14->sobel_hls/sobel.cpp:41) (3.9 ns)
INFO: [SCHED 204-11] Finished scheduling.
Command       schedule done; 0.353 sec.
INFO: [HLS 200-111]  Elapsed time: 63.093 seconds; current allocated memory: 87.462 MB.
Execute       report -o K:/sola/sobel_hls/solution1/.autopilot/db/sobel_filter.verbose.sched.rpt -verbose -f 
Execute       db_write -o K:/sola/sobel_hls/solution1/.autopilot/db/sobel_filter.sched.adb -f 
INFO-FLOW: Finish scheduling sobel_filter.
Execute       set_default_model sobel_filter 
Execute       bind -model sobel_filter 
BIND OPTION: fu_weight=[ 0.0 -- 1.0 ]
BIND OPTION: model=sobel_filter
BIND OPTION: reg_weight=[ 0.0 -- 1.0 ]
INFO: [BIND 205-100] Starting micro-architecture generation ...
INFO: [BIND 205-101] Performing variable lifetime analysis.
INFO: [BIND 205-101] Exploring resource sharing.
INFO: [BIND 205-101] Binding ...
INFO: [BIND 205-100] Finished micro-architecture generation.
INFO: [HLS 200-111]  Elapsed time: 0.147 seconds; current allocated memory: 87.706 MB.
Execute       report -o K:/sola/sobel_hls/solution1/.autopilot/db/sobel_filter.verbose.bind.rpt -verbose -f 
Execute       db_write -o K:/sola/sobel_hls/solution1/.autopilot/db/sobel_filter.bind.adb -f 
INFO-FLOW: Finish binding sobel_filter.
Execute       get_model_list sobel_filter -filter all-wo-channel 
INFO-FLOW: Preprocessing for RTLGen ...
Execute       rtl_gen_preprocess sobel_filter 
INFO-FLOW: Model list for RTL generation: sobel_filter
INFO: [HLS 200-10] ----------------------------------------------------------------
INFO: [HLS 200-10] -- Generating RTL for module 'sobel_filter' 
INFO: [HLS 200-10] ----------------------------------------------------------------
Execute       get_config_rtl -prefix 
Execute       get_config_rtl -auto_prefix 
Execute       create_rtl_model sobel_filter -vendor xilinx -mg_file K:/sola/sobel_hls/solution1/.autopilot/db/sobel_filter.compgen.tcl 
INFO: [RTGEN 206-500] Setting interface mode on port 'sobel_filter/inter_pix_V_V' to 'axis' (register, both mode).
INFO: [RTGEN 206-500] Setting interface mode on port 'sobel_filter/out_pix_V_V' to 'axis' (register, both mode).
INFO: [RTGEN 206-500] Setting interface mode on port 'sobel_filter/rows' to 's_axilite & ap_none' (register).
INFO: [RTGEN 206-500] Setting interface mode on port 'sobel_filter/cols' to 's_axilite & ap_none' (register).
INFO: [RTGEN 206-500] Setting interface mode on function 'sobel_filter' to 's_axilite & ap_ctrl_hs' (register).
INFO: [RTGEN 206-100] Bundling port 'return', 'rows' and 'cols' to AXI-Lite port CTRL_BUS.
INFO: [SYN 201-210] Renamed object name 'sobel_filter_mac_muladd_6ns_8ns_9ns_13_1_1' to 'sobel_filter_mac_bkb' due to the length limit 20
INFO: [RTGEN 206-100] Generating core module 'sobel_filter_mac_bkb': 1 instance(s).
INFO: [RTGEN 206-100] Finished creating RTL model for 'sobel_filter'.
Command       create_rtl_model done; 0.144 sec.
INFO: [HLS 200-111]  Elapsed time: 0.203 seconds; current allocated memory: 88.375 MB.
Execute       source K:/sola/sobel_hls/solution1/.autopilot/db/sobel_filter.rtl_wrap.cfg.tcl 
Execute       gen_rtl sobel_filter -istop -style xilinx -tracefl mytrace -tracefmt vcd -traceopt all -f -lang sc -o K:/sola/sobel_hls/solution1/syn/systemc/sobel_filter -synmodules sobel_filter 
Execute       gen_rtl sobel_filter -istop -style xilinx -f -lang vhdl -o K:/sola/sobel_hls/solution1/syn/vhdl/sobel_filter 
Execute       gen_rtl sobel_filter -istop -style xilinx -f -lang vlog -o K:/sola/sobel_hls/solution1/syn/verilog/sobel_filter 
Execute       export_constraint_db -o K:/sola/sobel_hls/solution1/.autopilot/db/sobel_filter.constraint.tcl -f -tool general 
Execute       report -model sobel_filter -o K:/sola/sobel_hls/solution1/.autopilot/db/sobel_filter.design.xml -verbose -f -dv 
Execute       report -model sobel_filter -o K:/sola/sobel_hls/solution1/.autopilot/db/sobel_filter.sdaccel.xml -verbose -f -sdaccel 
Execute       gen_tb_info sobel_filter -o K:/sola/sobel_hls/solution1/.autopilot/db/sobel_filter -p K:/sola/sobel_hls/solution1/.autopilot/db 
Execute       report -model sobel_filter -o K:/sola/sobel_hls/solution1/syn/report/sobel_filter_csynth.rpt -f 
Execute       report -model sobel_filter -o K:/sola/sobel_hls/solution1/syn/report/sobel_filter_csynth.xml -f -x 
Execute       report -model sobel_filter -o K:/sola/sobel_hls/solution1/.autopilot/db/sobel_filter.verbose.rpt -verbose -f 
Execute       db_write -model sobel_filter -o K:/sola/sobel_hls/solution1/.autopilot/db/sobel_filter.adb -f 
Execute       sc_get_clocks sobel_filter 
Execute       sc_get_portdomain sobel_filter 
INFO-FLOW: Model list for RTL component generation: sobel_filter
INFO-FLOW: Handling components in module [sobel_filter] ... 
Execute       source K:/sola/sobel_hls/solution1/.autopilot/db/sobel_filter.compgen.tcl 
INFO-FLOW: Found component sobel_filter_mac_bkb.
INFO-FLOW: Append model sobel_filter_mac_bkb
INFO-FLOW: Found component sobel_filter_CTRL_BUS_s_axi.
INFO-FLOW: Append model sobel_filter_CTRL_BUS_s_axi
INFO-FLOW: Append model sobel_filter
INFO-FLOW: Generating RTL model list ...
INFO-FLOW: All models in this session: sobel_filter_mac_bkb sobel_filter_CTRL_BUS_s_axi sobel_filter
INFO-FLOW: To file: write model sobel_filter_mac_bkb
INFO-FLOW: To file: write model sobel_filter_CTRL_BUS_s_axi
INFO-FLOW: To file: write model sobel_filter
INFO-FLOW: Finished generating RTL model list.


INFO-FLOW: RTL Generation done.
INFO-FLOW: CAS Generation done.
INFO-FLOW: CBC Generation done.
Execute       get_config_sdx -target 
Execute       source K:/sola/sobel_hls/solution1/.autopilot/db/global.setting.tcl 
Execute       source L:/Xilinx_201802/Vivado/2018.2/common/technology/generic/autopilot/common.gen 
Execute         source L:/Xilinx_201802/Vivado/2018.2/common/technology/generic/autopilot/APCoreGen.gen 
Execute       source L:/Xilinx_201802/Vivado/2018.2/common/technology/generic/autopilot/op.gen 
Execute       source L:/Xilinx_201802/Vivado/2018.2/common/technology/generic/autopilot/op_simcore.gen 
Execute       source L:/Xilinx_201802/Vivado/2018.2/common/technology/generic/autopilot/interface.gen 
Execute       source K:/sola/sobel_hls/solution1/.autopilot/db/global.setting.tcl 
Execute       source L:/Xilinx_201802/Vivado/2018.2/common/technology/xilinx/zynq/zynq.gen 
Execute         source L:/Xilinx_201802/Vivado/2018.2/common/technology/xilinx/common/virtex.gen 
Execute           source L:/Xilinx_201802/Vivado/2018.2/common/technology/xilinx/common/xilinx.gen 
Execute             source L:/Xilinx_201802/Vivado/2018.2/common/technology/xilinx/interface/plb46.gen 
Execute             source L:/Xilinx_201802/Vivado/2018.2/common/technology/xilinx/interface/fsl.gen 
Execute             source L:/Xilinx_201802/Vivado/2018.2/common/technology/xilinx/interface/axi4.gen 
Execute             source L:/Xilinx_201802/Vivado/2018.2/common/technology/xilinx/interface/nativeAXI4.gen 
Execute               source L:/Xilinx_201802/Vivado/2018.2/common/technology/xilinx/interface/saxilite.gen 
Execute               source L:/Xilinx_201802/Vivado/2018.2/common/technology/xilinx/interface/maxi.gen 
Execute             source L:/Xilinx_201802/Vivado/2018.2/common/technology/xilinx/scripts/xilinxcoregen.gen 
Execute             source L:/Xilinx_201802/Vivado/2018.2/common/technology/xilinx/interface/XilEDKCoreGen.gen 
Execute             source L:/Xilinx_201802/Vivado/2018.2/common/technology/xilinx/ip/dds_compiler.gen 
Execute             source L:/Xilinx_201802/Vivado/2018.2/common/technology/xilinx/ip/util.gen 
Execute             source L:/Xilinx_201802/Vivado/2018.2/common/technology/xilinx/ip/xfft.gen 
Command             ap_source done; 0.104 sec.
Execute             source L:/Xilinx_201802/Vivado/2018.2/common/technology/xilinx/ip/xfir.gen 
Command           ap_source done; 0.159 sec.
Execute           source L:/Xilinx_201802/Vivado/2018.2/common/technology/xilinx/common/dsp48.gen 
Command         ap_source done; 0.163 sec.
Command       ap_source done; 0.163 sec.
Execute       source L:/Xilinx_201802/Vivado/2018.2/common/technology/xilinx/zynq/zynq_fpv6.gen 
Execute         source L:/Xilinx_201802/Vivado/2018.2/common/technology/xilinx/common/xilinx_fpv6.gen 
Execute       source K:/sola/sobel_hls/solution1/.autopilot/db/global.setting.tcl 
Execute       source K:/sola/sobel_hls/solution1/.autopilot/db/global.setting.tcl 
Execute       source K:/sola/sobel_hls/solution1/.autopilot/db/global.setting.tcl 
Execute       source K:/sola/sobel_hls/solution1/.autopilot/db/sobel_filter.compgen.tcl 
Execute         source ./CTRL_BUS.slave.tcl 
Execute         is_m_axi_addr64 
Execute       get_config_sdx -target 
Execute       source K:/sola/sobel_hls/solution1/.autopilot/db/global.setting.tcl 
Execute       source L:/Xilinx_201802/Vivado/2018.2/common/technology/generic/autopilot/common.gen 
Execute         source L:/Xilinx_201802/Vivado/2018.2/common/technology/generic/autopilot/APCoreGen.gen 
Execute       source L:/Xilinx_201802/Vivado/2018.2/common/technology/generic/autopilot/op.gen 
Execute       source L:/Xilinx_201802/Vivado/2018.2/common/technology/generic/autopilot/op_simcore.gen 
Execute       source L:/Xilinx_201802/Vivado/2018.2/common/technology/generic/autopilot/interface.gen 
Execute       source K:/sola/sobel_hls/solution1/.autopilot/db/global.setting.tcl 
Execute       source L:/Xilinx_201802/Vivado/2018.2/common/technology/xilinx/zynq/zynq.gen 
Execute         source L:/Xilinx_201802/Vivado/2018.2/common/technology/xilinx/common/virtex.gen 
Execute           source L:/Xilinx_201802/Vivado/2018.2/common/technology/xilinx/common/xilinx.gen 
Execute             source L:/Xilinx_201802/Vivado/2018.2/common/technology/xilinx/interface/plb46.gen 
Execute             source L:/Xilinx_201802/Vivado/2018.2/common/technology/xilinx/interface/fsl.gen 
Execute             source L:/Xilinx_201802/Vivado/2018.2/common/technology/xilinx/interface/axi4.gen 
Execute             source L:/Xilinx_201802/Vivado/2018.2/common/technology/xilinx/interface/nativeAXI4.gen 
Execute               source L:/Xilinx_201802/Vivado/2018.2/common/technology/xilinx/interface/saxilite.gen 
Execute               source L:/Xilinx_201802/Vivado/2018.2/common/technology/xilinx/interface/maxi.gen 
Execute             source L:/Xilinx_201802/Vivado/2018.2/common/technology/xilinx/scripts/xilinxcoregen.gen 
Execute             source L:/Xilinx_201802/Vivado/2018.2/common/technology/xilinx/interface/XilEDKCoreGen.gen 
Execute             source L:/Xilinx_201802/Vivado/2018.2/common/technology/xilinx/ip/dds_compiler.gen 
Execute             source L:/Xilinx_201802/Vivado/2018.2/common/technology/xilinx/ip/util.gen 
Execute             source L:/Xilinx_201802/Vivado/2018.2/common/technology/xilinx/ip/xfft.gen 
Command             ap_source done; 0.104 sec.
Execute             source L:/Xilinx_201802/Vivado/2018.2/common/technology/xilinx/ip/xfir.gen 
Command           ap_source done; 0.147 sec.
Execute           source L:/Xilinx_201802/Vivado/2018.2/common/technology/xilinx/common/dsp48.gen 
Command         ap_source done; 0.15 sec.
Command       ap_source done; 0.15 sec.
Execute       source L:/Xilinx_201802/Vivado/2018.2/common/technology/xilinx/zynq/zynq_fpv6.gen 
Execute         source L:/Xilinx_201802/Vivado/2018.2/common/technology/xilinx/common/xilinx_fpv6.gen 
Execute       source K:/sola/sobel_hls/solution1/.autopilot/db/sobel_filter.rtl_wrap.cfg.tcl 
Execute       source K:/sola/sobel_hls/solution1/.autopilot/db/sobel_filter.rtl_wrap.cfg.tcl 
Execute       source K:/sola/sobel_hls/solution1/.autopilot/db/sobel_filter.rtl_wrap.cfg.tcl 
Execute       source K:/sola/sobel_hls/solution1/.autopilot/db/sobel_filter.tbgen.tcl 
Execute       source K:/sola/sobel_hls/solution1/.autopilot/db/sobel_filter.tbgen.tcl 
Execute       source K:/sola/sobel_hls/solution1/.autopilot/db/global.setting.tcl 
Execute       source K:/sola/sobel_hls/solution1/.autopilot/db/sobel_filter.compgen.tcl 
Execute       source K:/sola/sobel_hls/solution1/.autopilot/db/global.setting.tcl 
Execute       source K:/sola/sobel_hls/solution1/.autopilot/db/sobel_filter.compgen.tcl 
Execute       source K:/sola/sobel_hls/solution1/.autopilot/db/global.setting.tcl 
Execute       source K:/sola/sobel_hls/solution1/.autopilot/db/sobel_filter.compgen.tcl 
Execute       source K:/sola/sobel_hls/solution1/.autopilot/db/global.setting.tcl 
Execute       source K:/sola/sobel_hls/solution1/.autopilot/db/sobel_filter.constraint.tcl 
Execute       source K:/sola/sobel_hls/solution1/.autopilot/db/sobel_filter.tbgen.tcl 
Execute       source K:/sola/sobel_hls/solution1/.autopilot/db/global.setting.tcl 
Execute       source K:/sola/sobel_hls/solution1/.autopilot/db/global.setting.tcl 
Execute       source K:/sola/sobel_hls/solution1/.autopilot/db/global.setting.tcl 
Execute       source K:/sola/sobel_hls/solution1/.autopilot/db/sobel_filter.tbgen.tcl 
Execute       source K:/sola/sobel_hls/solution1/.autopilot/db/global.setting.tcl 
Execute       source K:/sola/sobel_hls/solution1/.autopilot/db/sobel_filter.constraint.tcl 
Execute       sc_get_clocks sobel_filter 
Execute       source K:/sola/sobel_hls/solution1/.autopilot/db/global.setting.tcl 
Execute       get_config_sdx -target 
Execute       get_config_sdx -profile 
Execute       ::config_rtl 
INFO: [HLS 200-111] Finished generating all RTL models Time (s): cpu = 00:00:02 ; elapsed = 00:01:05 . Memory (MB): peak = 138.504 ; gain = 79.918
INFO: [SYSC 207-301] Generating SystemC RTL for sobel_filter.
INFO: [VHDL 208-304] Generating VHDL RTL for sobel_filter.
INFO: [VLOG 209-307] Generating Verilog RTL for sobel_filter.
Command     autosyn done; 2.076 sec.
Command   csynth_design done; 63.705 sec.
Command ap_source done; 64.072 sec.
Execute cleanup_all 
INFO-FLOW: Workspace K:/sola/sobel_hls/solution1 opened at Fri Jul 19 22:30:59 +0800 2019
Execute     config_clock -quiet -name default -period 10 -default=false 
INFO: [SYN 201-201] Setting up clock 'default' with a period of 10ns.
Execute     open_platform DefaultPlatform 
Execute     import_lib L:/Xilinx_201802/Vivado/2018.2/common/technology/xilinx/zynq/zynq 
Execute       source L:/Xilinx_201802/Vivado/2018.2/common/technology/xilinx/common/xilinx.lib 
Execute         source L:/Xilinx_201802/Vivado/2018.2/common/technology/xilinx/interface/xilinx_interface.lib 
Execute           source L:/Xilinx_201802/Vivado/2018.2/common/technology/xilinx/interface/plb46.lib 
Execute           source L:/Xilinx_201802/Vivado/2018.2/common/technology/xilinx/interface/fsl.lib 
Execute           source L:/Xilinx_201802/Vivado/2018.2/common/technology/xilinx/interface/axi4.lib 
Execute           source L:/Xilinx_201802/Vivado/2018.2/common/technology/xilinx/interface/maxi.lib 
Execute           source L:/Xilinx_201802/Vivado/2018.2/common/technology/xilinx/interface/saxilite.lib 
Execute         source L:/Xilinx_201802/Vivado/2018.2/common/technology/xilinx/common/dsp48.lib 
Execute         source L:/Xilinx_201802/Vivado/2018.2/common/technology/xilinx/ip/dds_compiler.lib 
Execute         source L:/Xilinx_201802/Vivado/2018.2/common/technology/xilinx/ip/xfft.lib 
Execute         source L:/Xilinx_201802/Vivado/2018.2/common/technology/xilinx/ip/xfir.lib 
Execute       source L:/Xilinx_201802/Vivado/2018.2/common/technology/xilinx/common/xilinx_old.lib 
Execute       source L:/Xilinx_201802/Vivado/2018.2/common/technology/xilinx/common/xilinx_vivado.lib 
Execute       source L:/Xilinx_201802/Vivado/2018.2/common/technology/xilinx/common/xilinx.hlp 
Execute         source L:/Xilinx_201802/Vivado/2018.2/common/technology/xilinx/common/target_info.tcl 
Execute         source L:/Xilinx_201802/Vivado/2018.2/common/technology/xilinx/interface/xilinx_interface.hlp 
Execute           source L:/Xilinx_201802/Vivado/2018.2/common/technology/xilinx/interface/maxi.hlp 
Execute           source L:/Xilinx_201802/Vivado/2018.2/common/technology/xilinx/interface/saxilite.hlp 
Execute         source L:/Xilinx_201802/Vivado/2018.2/common/technology/xilinx/common/dsp48.hlp 
Execute       source L:/Xilinx_201802/Vivado/2018.2/common/technology/xilinx/zynq/dsp48e1.hlp 
Execute       get_default_platform 
Execute       config_chip_info -quiet -resource  {SLICE 13300}  {LUT 53200}     {FF 106400} {DSP48E 220}   {BRAM 280}  
Execute       config_chip_info -quiet -speed medium 
Execute       source L:/Xilinx_201802/Vivado/2018.2/common/technology/xilinx/common/xilinx.hlp 
Execute         source L:/Xilinx_201802/Vivado/2018.2/common/technology/xilinx/common/target_info.tcl 
Execute         source L:/Xilinx_201802/Vivado/2018.2/common/technology/xilinx/interface/xilinx_interface.hlp 
Execute           source L:/Xilinx_201802/Vivado/2018.2/common/technology/xilinx/interface/maxi.hlp 
Execute           source L:/Xilinx_201802/Vivado/2018.2/common/technology/xilinx/interface/saxilite.hlp 
Execute         source L:/Xilinx_201802/Vivado/2018.2/common/technology/xilinx/common/dsp48.hlp 
Execute     source L:/Xilinx_201802/Vivado/2018.2/common/technology/xilinx/zynq/zynq.gen 
Execute       source L:/Xilinx_201802/Vivado/2018.2/common/technology/xilinx/common/virtex.gen 
Execute         source L:/Xilinx_201802/Vivado/2018.2/common/technology/xilinx/common/xilinx.gen 
Execute           source L:/Xilinx_201802/Vivado/2018.2/common/technology/xilinx/interface/plb46.gen 
Execute           source L:/Xilinx_201802/Vivado/2018.2/common/technology/xilinx/interface/fsl.gen 
Execute           source L:/Xilinx_201802/Vivado/2018.2/common/technology/xilinx/interface/axi4.gen 
Execute           source L:/Xilinx_201802/Vivado/2018.2/common/technology/xilinx/interface/nativeAXI4.gen 
Execute             source L:/Xilinx_201802/Vivado/2018.2/common/technology/xilinx/interface/saxilite.gen 
Execute             source L:/Xilinx_201802/Vivado/2018.2/common/technology/xilinx/interface/maxi.gen 
Execute           source L:/Xilinx_201802/Vivado/2018.2/common/technology/xilinx/scripts/xilinxcoregen.gen 
Execute           source L:/Xilinx_201802/Vivado/2018.2/common/technology/xilinx/interface/XilEDKCoreGen.gen 
Execute           source L:/Xilinx_201802/Vivado/2018.2/common/technology/xilinx/ip/dds_compiler.gen 
Execute           source L:/Xilinx_201802/Vivado/2018.2/common/technology/xilinx/ip/util.gen 
Execute           source L:/Xilinx_201802/Vivado/2018.2/common/technology/xilinx/ip/xfft.gen 
Command           ap_source done; 0.112 sec.
Execute           source L:/Xilinx_201802/Vivado/2018.2/common/technology/xilinx/ip/xfir.gen 
Command         ap_source done; 0.155 sec.
Execute         source L:/Xilinx_201802/Vivado/2018.2/common/technology/xilinx/common/dsp48.gen 
Command       ap_source done; 0.159 sec.
Command     ap_source done; 0.159 sec.
Execute     open_platform DefaultPlatform 
Execute     import_lib L:/Xilinx_201802/Vivado/2018.2/common/technology/xilinx/zynq/zynq_fpv6 
Execute       source L:/Xilinx_201802/Vivado/2018.2/common/technology/xilinx/common/xilinx_fpv7.lib 
Execute         source L:/Xilinx_201802/Vivado/2018.2/common/technology/xilinx/common/xilinx_hp.lib 
Execute       source L:/Xilinx_201802/Vivado/2018.2/common/technology/xilinx/common/xilinx_fpv.hlp 
Execute         source L:/Xilinx_201802/Vivado/2018.2/common/technology/xilinx/common/xilinx.hlp 
Execute           source L:/Xilinx_201802/Vivado/2018.2/common/technology/xilinx/common/target_info.tcl 
Execute           source L:/Xilinx_201802/Vivado/2018.2/common/technology/xilinx/interface/xilinx_interface.hlp 
Execute             source L:/Xilinx_201802/Vivado/2018.2/common/technology/xilinx/interface/maxi.hlp 
Execute             source L:/Xilinx_201802/Vivado/2018.2/common/technology/xilinx/interface/saxilite.hlp 
Execute           source L:/Xilinx_201802/Vivado/2018.2/common/technology/xilinx/common/dsp48.hlp 
Execute       source L:/Xilinx_201802/Vivado/2018.2/common/technology/xilinx/zynq/zynq_hp.hlp 
Execute     source L:/Xilinx_201802/Vivado/2018.2/common/technology/xilinx/zynq/zynq_fpv6.gen 
Execute       source L:/Xilinx_201802/Vivado/2018.2/common/technology/xilinx/common/xilinx_fpv6.gen 
Execute     set_part xc7z010clg400-1 
Execute       add_library xilinx/zynq/zynq:xc7z010:clg400:-1 
Execute         get_default_platform 
Execute         license_isbetapart xc7z010 
Command         license_isbetapart done; error code: 1; 
Execute         get_default_platform 
Execute         config_chip_info -quiet -resource  {SLICE 4400}   {LUT 17600}     {FF 35200}  {DSP48E 80}    {BRAM 120}  
Execute         config_chip_info -quiet -speed slow 
Execute       add_library xilinx/zynq/zynq_fpv6 
Execute         get_default_platform 
INFO: [HLS 200-10] Setting target device to 'xc7z010clg400-1'
Execute       get_default_platform 
Execute     get_default_platform 
Execute     config_chip_info -quiet -resource  {SLICE 4400}   {LUT 17600}     {FF 35200}  {DSP48E 80}    {BRAM 120}  
Execute     config_chip_info -quiet -speed slow 
Command   open_solution done; 0.294 sec.
Execute   cosim_design -O -trace_level port 
Execute     source K:/sola/sobel_hls/solution1/.autopilot/db/global.setting.tcl 
Execute     source K:/sola/sobel_hls/solution1/.autopilot/db/global.setting.tcl 
Execute     source K:/sola/sobel_hls/solution1/.autopilot/db/global.setting.tcl 
Execute     source L:/Xilinx_201802/Vivado/2018.2/common/technology/generic/autopilot/common.gen 
Execute       source L:/Xilinx_201802/Vivado/2018.2/common/technology/generic/autopilot/APCoreGen.gen 
Execute     source L:/Xilinx_201802/Vivado/2018.2/common/technology/generic/autopilot/op.gen 
Execute     source L:/Xilinx_201802/Vivado/2018.2/common/technology/generic/autopilot/op_simcore.gen 
Execute     source L:/Xilinx_201802/Vivado/2018.2/common/technology/generic/autopilot/interface.gen 
Execute     source K:/sola/sobel_hls/solution1/.autopilot/db/global.setting.tcl 
Execute     source L:/Xilinx_201802/Vivado/2018.2/common/technology/xilinx/zynq/zynq.gen 
Execute       source L:/Xilinx_201802/Vivado/2018.2/common/technology/xilinx/common/virtex.gen 
Execute         source L:/Xilinx_201802/Vivado/2018.2/common/technology/xilinx/common/xilinx.gen 
Execute           source L:/Xilinx_201802/Vivado/2018.2/common/technology/xilinx/interface/plb46.gen 
Execute           source L:/Xilinx_201802/Vivado/2018.2/common/technology/xilinx/interface/fsl.gen 
Execute           source L:/Xilinx_201802/Vivado/2018.2/common/technology/xilinx/interface/axi4.gen 
Execute           source L:/Xilinx_201802/Vivado/2018.2/common/technology/xilinx/interface/nativeAXI4.gen 
Execute             source L:/Xilinx_201802/Vivado/2018.2/common/technology/xilinx/interface/saxilite.gen 
Execute             source L:/Xilinx_201802/Vivado/2018.2/common/technology/xilinx/interface/maxi.gen 
Execute           source L:/Xilinx_201802/Vivado/2018.2/common/technology/xilinx/scripts/xilinxcoregen.gen 
Execute           source L:/Xilinx_201802/Vivado/2018.2/common/technology/xilinx/interface/XilEDKCoreGen.gen 
Execute           source L:/Xilinx_201802/Vivado/2018.2/common/technology/xilinx/ip/dds_compiler.gen 
Execute           source L:/Xilinx_201802/Vivado/2018.2/common/technology/xilinx/ip/util.gen 
Execute           source L:/Xilinx_201802/Vivado/2018.2/common/technology/xilinx/ip/xfft.gen 
Command           ap_source done; 0.104 sec.
Execute           source L:/Xilinx_201802/Vivado/2018.2/common/technology/xilinx/ip/xfir.gen 
Command         ap_source done; 0.148 sec.
Execute         source L:/Xilinx_201802/Vivado/2018.2/common/technology/xilinx/common/dsp48.gen 
Command       ap_source done; 0.151 sec.
Command     ap_source done; 0.151 sec.
Execute     source L:/Xilinx_201802/Vivado/2018.2/common/technology/xilinx/zynq/zynq_fpv6.gen 
Execute       source L:/Xilinx_201802/Vivado/2018.2/common/technology/xilinx/common/xilinx_fpv6.gen 
Execute     source K:/sola/sobel_hls/solution1/.autopilot/db/global.setting.tcl 
Execute     source K:/sola/sobel_hls/solution1/.autopilot/db/sobel_filter.rtl_wrap.cfg.tcl 
Execute     source K:/sola/sobel_hls/solution1/.autopilot/db/sobel_filter.tbgen.tcl 
Execute     is_encrypted K:/sola/sobel_hls/test_1080p.bmp 
Execute     is_encrypted K:/sola/sobel_hls/sobel_test.cpp 
Execute     is_encrypted K:/sola/sobel_hls/result_1080p_golden.bmp 
Execute     is_encrypted K:/sola/sobel_hls/ap_bmp.cpp 
Execute     is_encrypted K:/sola/sobel_hls/sobel.h 
Execute     is_encrypted K:/sola/sobel_hls/sobel.cpp 
Execute     source K:/sola/sobel_hls/solution1/.autopilot/db/sobel_filter.tbgen.tcl 
Execute     source K:/sola/sobel_hls/solution1/.autopilot/db/sobel_filter.tbgen.tcl 
INFO: [COSIM 212-47] Using XSIM for RTL simulation.
INFO: [COSIM 212-14] Instrumenting C test bench ...
Execute     get_default_platform 
INFO-FLOW: TB processing: K:/sola/sobel_hls/sobel_test.cpp K:/sola/sobel_hls/solution1/./sim/autowrap/testbench/sobel_test.cpp_pre.cpp
INFO-FLOW: Marker-Pragma convertor: K:/sola/sobel_hls/solution1/./sim/autowrap/testbench/sobel_test.cpp_pre.cpp K:/sola/sobel_hls/solution1/./sim/autowrap/testbench/sobel_test.cpp_pre.cpp.line.cpp ./sim/autowrap/testbench/line.tmp 1
INFO-FLOW: Converting Markers to Pragmas...
INFO-FLOW: Marker-Pragma convertor: ./sim/autowrap/testbench/sobel_test.cpp_pre.cpp.tb.cpp.line ./sim/autowrap/testbench/sobel_test.cpp_pre.cpp.tb.cpp ./sim/autowrap/testbench/line.tmp 0
INFO-FLOW: Converting Pragmas to Markers...
Execute     get_default_platform 
INFO-FLOW: TB processing: K:/sola/sobel_hls/ap_bmp.cpp K:/sola/sobel_hls/solution1/./sim/autowrap/testbench/ap_bmp.cpp_pre.cpp
INFO-FLOW: Marker-Pragma convertor: K:/sola/sobel_hls/solution1/./sim/autowrap/testbench/ap_bmp.cpp_pre.cpp K:/sola/sobel_hls/solution1/./sim/autowrap/testbench/ap_bmp.cpp_pre.cpp.line.cpp ./sim/autowrap/testbench/line.tmp 1
INFO-FLOW: Converting Markers to Pragmas...
INFO-FLOW: Marker-Pragma convertor: ./sim/autowrap/testbench/ap_bmp.cpp_pre.cpp.tb.cpp.line ./sim/autowrap/testbench/ap_bmp.cpp_pre.cpp.tb.cpp ./sim/autowrap/testbench/line.tmp 0
INFO-FLOW: Converting Pragmas to Markers...
Execute     get_default_platform 
INFO-FLOW: TB processing: K:/sola/sobel_hls/sobel.cpp K:/sola/sobel_hls/solution1/./sim/autowrap/testbench/sobel.cpp_pre.cpp
INFO-FLOW: Marker-Pragma convertor: K:/sola/sobel_hls/solution1/./sim/autowrap/testbench/sobel.cpp_pre.cpp K:/sola/sobel_hls/solution1/./sim/autowrap/testbench/sobel.cpp_pre.cpp.line.cpp ./sim/autowrap/testbench/line.tmp 1
INFO-FLOW: Converting Markers to Pragmas...
INFO-FLOW: Marker-Pragma convertor: ./sim/autowrap/testbench/sobel.cpp_pre.cpp.tb.cpp.line ./sim/autowrap/testbench/sobel.cpp_pre.cpp.tb.cpp ./sim/autowrap/testbench/line.tmp 0
INFO-FLOW: Converting Pragmas to Markers...
Execute     source K:/sola/sobel_hls/solution1/./sim/autowrap/testbench/tb.status.tcl 
Execute     source K:/sola/sobel_hls/solution1/.autopilot/db/global.setting.tcl 
Execute     source K:/sola/sobel_hls/solution1/.autopilot/db/sobel_filter.rtl_wrap.cfg.tcl 
Execute     source K:/sola/sobel_hls/solution1/.autopilot/db/sobel_filter.rtl_wrap.cfg.tcl 
Execute     source K:/sola/sobel_hls/solution1/.autopilot/db/sobel_filter.rtl_wrap.cfg.tcl 
Execute     source K:/sola/sobel_hls/solution1/.autopilot/db/sobel_filter.tbgen.tcl 
Execute     source K:/sola/sobel_hls/solution1/.autopilot/db/sobel_filter.tbgen.tcl 
Execute     get_default_platform 
Execute     source .run_sim.tcl 
INFO: [COSIM 212-302] Starting C TB testing ... 
Command     ap_source done; 19.777 sec.
INFO: [COSIM 212-333] Generating C post check test bench ...
Execute     get_default_platform 
INFO: [COSIM 212-12] Generating RTL test bench ...
Execute     source K:/sola/sobel_hls/solution1/.autopilot/db/sobel_filter.tbgen.tcl 
Execute     source K:/sola/sobel_hls/solution1/.autopilot/db/sobel_filter.tbgen.tcl 
Execute     source K:/sola/sobel_hls/solution1/.autopilot/db/sobel_filter.tbgen.tcl 
Execute     source K:/sola/sobel_hls/solution1/.autopilot/db/sobel_filter.tbgen.tcl 
Execute     source ../tv/cdatafile/ref.tcl 
Execute     source K:/sola/sobel_hls/solution1/.autopilot/db/sobel_filter.tbgen.tcl 
Execute     source K:/sola/sobel_hls/solution1/.autopilot/db/sobel_filter.tbgen.tcl 
Execute     source K:/sola/sobel_hls/solution1/.autopilot/db/sobel_filter.tbgen.tcl 
Execute     source K:/sola/sobel_hls/solution1/.autopilot/db/sobel_filter.tbgen.tcl 
Execute     source K:/sola/sobel_hls/solution1/.autopilot/db/sobel_filter.tbgen.tcl 
Execute     source K:/sola/sobel_hls/solution1/.autopilot/db/sobel_filter.tbgen.tcl 
Execute     source K:/sola/sobel_hls/solution1/.autopilot/db/sobel_filter.tbgen.tcl 
Execute     source K:/sola/sobel_hls/solution1/.autopilot/db/sobel_filter.tbgen.tcl 
Execute     source K:/sola/sobel_hls/solution1/.autopilot/db/sobel_filter.tbgen.tcl 
Execute     source K:/sola/sobel_hls/solution1/.autopilot/db/sobel_filter.tbgen.tcl 
Execute     source K:/sola/sobel_hls/solution1/.autopilot/db/sobel_filter.tbgen.tcl 
Execute     source K:/sola/sobel_hls/solution1/.autopilot/db/sobel_filter.tbgen.tcl 
Execute     source K:/sola/sobel_hls/solution1/.autopilot/db/sobel_filter.tbgen.tcl 
Execute     source K:/sola/sobel_hls/solution1/.autopilot/db/sobel_filter.tbgen.tcl 
Execute     source K:/sola/sobel_hls/solution1/.autopilot/db/sobel_filter.tbgen.tcl 
Execute     source K:/sola/sobel_hls/solution1/.autopilot/db/sobel_filter.tbgen.tcl 
Execute     source ../tv/cdatafile/ref.tcl 
Execute     source K:/sola/sobel_hls/solution1/.autopilot/db/sobel_filter.tbgen.tcl 
Execute     source K:/sola/sobel_hls/solution1/.autopilot/db/sobel_filter.tbgen.tcl 
Execute     source K:/sola/sobel_hls/solution1/.autopilot/db/sobel_filter.tbgen.tcl 
Execute     source K:/sola/sobel_hls/solution1/.autopilot/db/sobel_filter.tbgen.tcl 
Execute     source K:/sola/sobel_hls/solution1/.autopilot/db/sobel_filter.tbgen.tcl 
Execute     source K:/sola/sobel_hls/solution1/.autopilot/db/sobel_filter.tbgen.tcl 
Execute     source K:/sola/sobel_hls/solution1/.autopilot/db/sobel_filter.tbgen.tcl 
Execute     source K:/sola/sobel_hls/solution1/.autopilot/db/sobel_filter.tbgen.tcl 
Execute     source K:/sola/sobel_hls/solution1/.autopilot/db/sobel_filter.tbgen.tcl 
Execute     source K:/sola/sobel_hls/solution1/.autopilot/db/sobel_filter.tbgen.tcl 
Execute     source K:/sola/sobel_hls/solution1/.autopilot/db/sobel_filter.tbgen.tcl 
Execute     source K:/sola/sobel_hls/solution1/.autopilot/db/sobel_filter.tbgen.tcl 
Execute     source .run_sim.tcl 
Execute       source check_sim.tcl 
Execute       source .sim.status.tcl 
INFO: [COSIM 212-323] Starting verilog simulation. 
INFO: [COSIM 212-15] Starting XSIM ...
INFO: [COSIM 212-316] Starting C post checking ...
Command     ap_source done; 160.113 sec.
INFO: [COSIM 212-1000] *** C/RTL co-simulation finished: PASS ***
INFO: [COSIM 212-211] II is measurable only when transaction number is greater than 1 in RTL simulation. Otherwise, they will be marked as all NA. If user wants to calculate them, please make sure there are at least 2 transactions in RTL simulation.
Command   cosim_design done; 252.45 sec.
Command ap_source done; 252.748 sec.
Execute cleanup_all 
INFO-FLOW: Workspace K:/sola/sobel_hls/solution1 opened at Fri Jul 19 22:35:26 +0800 2019
Execute     config_clock -quiet -name default -period 10 -default=false 
INFO: [SYN 201-201] Setting up clock 'default' with a period of 10ns.
Execute     open_platform DefaultPlatform 
Execute     import_lib L:/Xilinx_201802/Vivado/2018.2/common/technology/xilinx/zynq/zynq 
Execute       source L:/Xilinx_201802/Vivado/2018.2/common/technology/xilinx/common/xilinx.lib 
Execute         source L:/Xilinx_201802/Vivado/2018.2/common/technology/xilinx/interface/xilinx_interface.lib 
Execute           source L:/Xilinx_201802/Vivado/2018.2/common/technology/xilinx/interface/plb46.lib 
Execute           source L:/Xilinx_201802/Vivado/2018.2/common/technology/xilinx/interface/fsl.lib 
Execute           source L:/Xilinx_201802/Vivado/2018.2/common/technology/xilinx/interface/axi4.lib 
Execute           source L:/Xilinx_201802/Vivado/2018.2/common/technology/xilinx/interface/maxi.lib 
Execute           source L:/Xilinx_201802/Vivado/2018.2/common/technology/xilinx/interface/saxilite.lib 
Execute         source L:/Xilinx_201802/Vivado/2018.2/common/technology/xilinx/common/dsp48.lib 
Execute         source L:/Xilinx_201802/Vivado/2018.2/common/technology/xilinx/ip/dds_compiler.lib 
Execute         source L:/Xilinx_201802/Vivado/2018.2/common/technology/xilinx/ip/xfft.lib 
Execute         source L:/Xilinx_201802/Vivado/2018.2/common/technology/xilinx/ip/xfir.lib 
Execute       source L:/Xilinx_201802/Vivado/2018.2/common/technology/xilinx/common/xilinx_old.lib 
Execute       source L:/Xilinx_201802/Vivado/2018.2/common/technology/xilinx/common/xilinx_vivado.lib 
Execute       source L:/Xilinx_201802/Vivado/2018.2/common/technology/xilinx/common/xilinx.hlp 
Execute         source L:/Xilinx_201802/Vivado/2018.2/common/technology/xilinx/common/target_info.tcl 
Execute         source L:/Xilinx_201802/Vivado/2018.2/common/technology/xilinx/interface/xilinx_interface.hlp 
Execute           source L:/Xilinx_201802/Vivado/2018.2/common/technology/xilinx/interface/maxi.hlp 
Execute           source L:/Xilinx_201802/Vivado/2018.2/common/technology/xilinx/interface/saxilite.hlp 
Execute         source L:/Xilinx_201802/Vivado/2018.2/common/technology/xilinx/common/dsp48.hlp 
Execute       source L:/Xilinx_201802/Vivado/2018.2/common/technology/xilinx/zynq/dsp48e1.hlp 
Execute       get_default_platform 
Execute       config_chip_info -quiet -resource  {SLICE 13300}  {LUT 53200}     {FF 106400} {DSP48E 220}   {BRAM 280}  
Execute       config_chip_info -quiet -speed medium 
Execute       source L:/Xilinx_201802/Vivado/2018.2/common/technology/xilinx/common/xilinx.hlp 
Execute         source L:/Xilinx_201802/Vivado/2018.2/common/technology/xilinx/common/target_info.tcl 
Execute         source L:/Xilinx_201802/Vivado/2018.2/common/technology/xilinx/interface/xilinx_interface.hlp 
Execute           source L:/Xilinx_201802/Vivado/2018.2/common/technology/xilinx/interface/maxi.hlp 
Execute           source L:/Xilinx_201802/Vivado/2018.2/common/technology/xilinx/interface/saxilite.hlp 
Execute         source L:/Xilinx_201802/Vivado/2018.2/common/technology/xilinx/common/dsp48.hlp 
Execute     source L:/Xilinx_201802/Vivado/2018.2/common/technology/xilinx/zynq/zynq.gen 
Execute       source L:/Xilinx_201802/Vivado/2018.2/common/technology/xilinx/common/virtex.gen 
Execute         source L:/Xilinx_201802/Vivado/2018.2/common/technology/xilinx/common/xilinx.gen 
Execute           source L:/Xilinx_201802/Vivado/2018.2/common/technology/xilinx/interface/plb46.gen 
Execute           source L:/Xilinx_201802/Vivado/2018.2/common/technology/xilinx/interface/fsl.gen 
Execute           source L:/Xilinx_201802/Vivado/2018.2/common/technology/xilinx/interface/axi4.gen 
Execute           source L:/Xilinx_201802/Vivado/2018.2/common/technology/xilinx/interface/nativeAXI4.gen 
Execute             source L:/Xilinx_201802/Vivado/2018.2/common/technology/xilinx/interface/saxilite.gen 
Execute             source L:/Xilinx_201802/Vivado/2018.2/common/technology/xilinx/interface/maxi.gen 
Execute           source L:/Xilinx_201802/Vivado/2018.2/common/technology/xilinx/scripts/xilinxcoregen.gen 
Execute           source L:/Xilinx_201802/Vivado/2018.2/common/technology/xilinx/interface/XilEDKCoreGen.gen 
Execute           source L:/Xilinx_201802/Vivado/2018.2/common/technology/xilinx/ip/dds_compiler.gen 
Execute           source L:/Xilinx_201802/Vivado/2018.2/common/technology/xilinx/ip/util.gen 
Execute           source L:/Xilinx_201802/Vivado/2018.2/common/technology/xilinx/ip/xfft.gen 
Command           ap_source done; 0.113 sec.
Execute           source L:/Xilinx_201802/Vivado/2018.2/common/technology/xilinx/ip/xfir.gen 
Command         ap_source done; 0.155 sec.
Execute         source L:/Xilinx_201802/Vivado/2018.2/common/technology/xilinx/common/dsp48.gen 
Command       ap_source done; 0.159 sec.
Command     ap_source done; 0.159 sec.
Execute     open_platform DefaultPlatform 
Execute     import_lib L:/Xilinx_201802/Vivado/2018.2/common/technology/xilinx/zynq/zynq_fpv6 
Execute       source L:/Xilinx_201802/Vivado/2018.2/common/technology/xilinx/common/xilinx_fpv7.lib 
Execute         source L:/Xilinx_201802/Vivado/2018.2/common/technology/xilinx/common/xilinx_hp.lib 
Execute       source L:/Xilinx_201802/Vivado/2018.2/common/technology/xilinx/common/xilinx_fpv.hlp 
Execute         source L:/Xilinx_201802/Vivado/2018.2/common/technology/xilinx/common/xilinx.hlp 
Execute           source L:/Xilinx_201802/Vivado/2018.2/common/technology/xilinx/common/target_info.tcl 
Execute           source L:/Xilinx_201802/Vivado/2018.2/common/technology/xilinx/interface/xilinx_interface.hlp 
Execute             source L:/Xilinx_201802/Vivado/2018.2/common/technology/xilinx/interface/maxi.hlp 
Execute             source L:/Xilinx_201802/Vivado/2018.2/common/technology/xilinx/interface/saxilite.hlp 
Execute           source L:/Xilinx_201802/Vivado/2018.2/common/technology/xilinx/common/dsp48.hlp 
Execute       source L:/Xilinx_201802/Vivado/2018.2/common/technology/xilinx/zynq/zynq_hp.hlp 
Execute     source L:/Xilinx_201802/Vivado/2018.2/common/technology/xilinx/zynq/zynq_fpv6.gen 
Execute       source L:/Xilinx_201802/Vivado/2018.2/common/technology/xilinx/common/xilinx_fpv6.gen 
Execute     set_part xc7z010clg400-1 
Execute       add_library xilinx/zynq/zynq:xc7z010:clg400:-1 
Execute         get_default_platform 
Execute         license_isbetapart xc7z010 
Command         license_isbetapart done; error code: 1; 
Execute         get_default_platform 
Execute         config_chip_info -quiet -resource  {SLICE 4400}   {LUT 17600}     {FF 35200}  {DSP48E 80}    {BRAM 120}  
Execute         config_chip_info -quiet -speed slow 
Execute       add_library xilinx/zynq/zynq_fpv6 
Execute         get_default_platform 
INFO: [HLS 200-10] Setting target device to 'xc7z010clg400-1'
Execute       get_default_platform 
Execute     get_default_platform 
Execute     config_chip_info -quiet -resource  {SLICE 4400}   {LUT 17600}     {FF 35200}  {DSP48E 80}    {BRAM 120}  
Execute     config_chip_info -quiet -speed slow 
Command   open_solution done; 0.291 sec.
Execute   export_design -flow impl -rtl verilog -format ip_catalog 
Execute     source K:/sola/sobel_hls/solution1/.autopilot/db/global.setting.tcl 
Execute     source L:/Xilinx_201802/Vivado/2018.2/common/technology/generic/autopilot/common.gen 
Execute       source L:/Xilinx_201802/Vivado/2018.2/common/technology/generic/autopilot/APCoreGen.gen 
Execute     source L:/Xilinx_201802/Vivado/2018.2/common/technology/generic/autopilot/op.gen 
Execute     source L:/Xilinx_201802/Vivado/2018.2/common/technology/generic/autopilot/op_simcore.gen 
Execute     source L:/Xilinx_201802/Vivado/2018.2/common/technology/generic/autopilot/interface.gen 
Execute     source K:/sola/sobel_hls/solution1/.autopilot/db/global.setting.tcl 
Execute     source L:/Xilinx_201802/Vivado/2018.2/common/technology/xilinx/zynq/zynq.gen 
Execute       source L:/Xilinx_201802/Vivado/2018.2/common/technology/xilinx/common/virtex.gen 
Execute         source L:/Xilinx_201802/Vivado/2018.2/common/technology/xilinx/common/xilinx.gen 
Execute           source L:/Xilinx_201802/Vivado/2018.2/common/technology/xilinx/interface/plb46.gen 
Execute           source L:/Xilinx_201802/Vivado/2018.2/common/technology/xilinx/interface/fsl.gen 
Execute           source L:/Xilinx_201802/Vivado/2018.2/common/technology/xilinx/interface/axi4.gen 
Execute           source L:/Xilinx_201802/Vivado/2018.2/common/technology/xilinx/interface/nativeAXI4.gen 
Execute             source L:/Xilinx_201802/Vivado/2018.2/common/technology/xilinx/interface/saxilite.gen 
Execute             source L:/Xilinx_201802/Vivado/2018.2/common/technology/xilinx/interface/maxi.gen 
Execute           source L:/Xilinx_201802/Vivado/2018.2/common/technology/xilinx/scripts/xilinxcoregen.gen 
Execute           source L:/Xilinx_201802/Vivado/2018.2/common/technology/xilinx/interface/XilEDKCoreGen.gen 
Execute           source L:/Xilinx_201802/Vivado/2018.2/common/technology/xilinx/ip/dds_compiler.gen 
Execute           source L:/Xilinx_201802/Vivado/2018.2/common/technology/xilinx/ip/util.gen 
Execute           source L:/Xilinx_201802/Vivado/2018.2/common/technology/xilinx/ip/xfft.gen 
Command           ap_source done; 0.103 sec.
Execute           source L:/Xilinx_201802/Vivado/2018.2/common/technology/xilinx/ip/xfir.gen 
Command         ap_source done; 0.147 sec.
Execute         source L:/Xilinx_201802/Vivado/2018.2/common/technology/xilinx/common/dsp48.gen 
Command       ap_source done; 0.151 sec.
Command     ap_source done; 0.151 sec.
Execute     source L:/Xilinx_201802/Vivado/2018.2/common/technology/xilinx/zynq/zynq_fpv6.gen 
Execute       source L:/Xilinx_201802/Vivado/2018.2/common/technology/xilinx/common/xilinx_fpv6.gen 
Execute     source K:/sola/sobel_hls/solution1/.autopilot/db/global.setting.tcl 
INFO: [IMPL 213-8] Exporting RTL as a Vivado IP.
Execute     source K:/sola/sobel_hls/solution1/.autopilot/db/global.setting.tcl 
Execute     get_config_sdx -target 
Execute     source K:/sola/sobel_hls/solution1/.autopilot/db/global.setting.tcl 
Execute     source L:/Xilinx_201802/Vivado/2018.2/common/technology/generic/autopilot/common.gen 
Execute       source L:/Xilinx_201802/Vivado/2018.2/common/technology/generic/autopilot/APCoreGen.gen 
Execute     source L:/Xilinx_201802/Vivado/2018.2/common/technology/generic/autopilot/op.gen 
Execute     source L:/Xilinx_201802/Vivado/2018.2/common/technology/generic/autopilot/op_simcore.gen 
Execute     source L:/Xilinx_201802/Vivado/2018.2/common/technology/generic/autopilot/interface.gen 
Execute     source K:/sola/sobel_hls/solution1/.autopilot/db/global.setting.tcl 
Execute     source L:/Xilinx_201802/Vivado/2018.2/common/technology/xilinx/zynq/zynq.gen 
Execute       source L:/Xilinx_201802/Vivado/2018.2/common/technology/xilinx/common/virtex.gen 
Execute         source L:/Xilinx_201802/Vivado/2018.2/common/technology/xilinx/common/xilinx.gen 
Execute           source L:/Xilinx_201802/Vivado/2018.2/common/technology/xilinx/interface/plb46.gen 
Execute           source L:/Xilinx_201802/Vivado/2018.2/common/technology/xilinx/interface/fsl.gen 
Execute           source L:/Xilinx_201802/Vivado/2018.2/common/technology/xilinx/interface/axi4.gen 
Execute           source L:/Xilinx_201802/Vivado/2018.2/common/technology/xilinx/interface/nativeAXI4.gen 
Execute             source L:/Xilinx_201802/Vivado/2018.2/common/technology/xilinx/interface/saxilite.gen 
Execute             source L:/Xilinx_201802/Vivado/2018.2/common/technology/xilinx/interface/maxi.gen 
Execute           source L:/Xilinx_201802/Vivado/2018.2/common/technology/xilinx/scripts/xilinxcoregen.gen 
Execute           source L:/Xilinx_201802/Vivado/2018.2/common/technology/xilinx/interface/XilEDKCoreGen.gen 
Execute           source L:/Xilinx_201802/Vivado/2018.2/common/technology/xilinx/ip/dds_compiler.gen 
Execute           source L:/Xilinx_201802/Vivado/2018.2/common/technology/xilinx/ip/util.gen 
Execute           source L:/Xilinx_201802/Vivado/2018.2/common/technology/xilinx/ip/xfft.gen 
Command           ap_source done; 0.103 sec.
Execute           source L:/Xilinx_201802/Vivado/2018.2/common/technology/xilinx/ip/xfir.gen 
Command         ap_source done; 0.145 sec.
Execute         source L:/Xilinx_201802/Vivado/2018.2/common/technology/xilinx/common/dsp48.gen 
Command       ap_source done; 0.148 sec.
Command     ap_source done; 0.148 sec.
Execute     source L:/Xilinx_201802/Vivado/2018.2/common/technology/xilinx/zynq/zynq_fpv6.gen 
Execute       source L:/Xilinx_201802/Vivado/2018.2/common/technology/xilinx/common/xilinx_fpv6.gen 
Execute     source K:/sola/sobel_hls/solution1/.autopilot/db/sobel_filter.rtl_wrap.cfg.tcl 
Execute     source K:/sola/sobel_hls/solution1/.autopilot/db/sobel_filter.rtl_wrap.cfg.tcl 
Execute     source K:/sola/sobel_hls/solution1/.autopilot/db/sobel_filter.rtl_wrap.cfg.tcl 
Execute     source K:/sola/sobel_hls/solution1/.autopilot/db/sobel_filter.tbgen.tcl 
Execute     source K:/sola/sobel_hls/solution1/.autopilot/db/sobel_filter.tbgen.tcl 
Execute     source K:/sola/sobel_hls/solution1/.autopilot/db/global.setting.tcl 
Execute     source K:/sola/sobel_hls/solution1/.autopilot/db/sobel_filter.compgen.tcl 
Execute     source K:/sola/sobel_hls/solution1/.autopilot/db/global.setting.tcl 
Execute     source K:/sola/sobel_hls/solution1/.autopilot/db/sobel_filter.compgen.tcl 
Execute     source K:/sola/sobel_hls/solution1/.autopilot/db/global.setting.tcl 
Execute     source K:/sola/sobel_hls/solution1/.autopilot/db/sobel_filter.compgen.tcl 
Execute     source K:/sola/sobel_hls/solution1/.autopilot/db/global.setting.tcl 
Execute     source K:/sola/sobel_hls/solution1/.autopilot/db/sobel_filter.constraint.tcl 
Execute     source K:/sola/sobel_hls/solution1/.autopilot/db/sobel_filter.tbgen.tcl 
Execute     source K:/sola/sobel_hls/solution1/.autopilot/db/global.setting.tcl 
Execute     source K:/sola/sobel_hls/solution1/.autopilot/db/sobel_filter.tbgen.tcl 
Execute     source K:/sola/sobel_hls/solution1/.autopilot/db/global.setting.tcl 
Execute     source K:/sola/sobel_hls/solution1/.autopilot/db/global.setting.tcl 
Execute     source K:/sola/sobel_hls/solution1/.autopilot/db/sobel_filter.rtl_wrap.cfg.tcl 
Execute     source K:/sola/sobel_hls/solution1/.autopilot/db/sobel_filter.rtl_wrap.cfg.tcl 
Execute     source K:/sola/sobel_hls/solution1/.autopilot/db/sobel_filter.rtl_wrap.cfg.tcl 
Execute     source K:/sola/sobel_hls/solution1/.autopilot/db/sobel_filter.tbgen.tcl 
Execute     source K:/sola/sobel_hls/solution1/.autopilot/db/sobel_filter.tbgen.tcl 
Execute     source K:/sola/sobel_hls/solution1/.autopilot/db/sobel_filter.tbgen.tcl 
Execute     source K:/sola/sobel_hls/solution1/.autopilot/db/sobel_filter.rtl_wrap.cfg.tcl 
Execute     source K:/sola/sobel_hls/solution1/.autopilot/db/sobel_filter.rtl_wrap.cfg.tcl 
Execute     source K:/sola/sobel_hls/solution1/.autopilot/db/sobel_filter.rtl_wrap.cfg.tcl 
Execute     source K:/sola/sobel_hls/solution1/.autopilot/db/sobel_filter.tbgen.tcl 
Execute     source K:/sola/sobel_hls/solution1/.autopilot/db/sobel_filter.tbgen.tcl 
Execute     source K:/sola/sobel_hls/solution1/.autopilot/db/global.setting.tcl 
Execute     source K:/sola/sobel_hls/solution1/.autopilot/db/sobel_filter.tbgen.tcl 
Execute     source K:/sola/sobel_hls/solution1/.autopilot/db/global.setting.tcl 
Execute     source K:/sola/sobel_hls/solution1/.autopilot/db/sobel_filter.constraint.tcl 
Execute     source K:/sola/sobel_hls/solution1/.autopilot/db/global.setting.tcl 
Execute     source K:/sola/sobel_hls/solution1/.autopilot/db/global.setting.tcl 
Execute     source K:/sola/sobel_hls/solution1/.autopilot/db/sobel_filter.constraint.tcl 
Execute     source K:/sola/sobel_hls/solution1/.autopilot/db/sobel_filter.tbgen.tcl 
Execute     source K:/sola/sobel_hls/solution1/.autopilot/db/global.setting.tcl 
Execute     source K:/sola/sobel_hls/solution1/.autopilot/db/sobel_filter.constraint.tcl 
Execute     source K:/sola/sobel_hls/solution1/.autopilot/db/sobel_filter.tbgen.tcl 
Execute     source K:/sola/sobel_hls/solution1/.autopilot/db/global.setting.tcl 
Execute     source L:/Xilinx_201802/Vivado/2018.2/common/technology/generic/autopilot/common.gen 
Execute       source L:/Xilinx_201802/Vivado/2018.2/common/technology/generic/autopilot/APCoreGen.gen 
Execute     source L:/Xilinx_201802/Vivado/2018.2/common/technology/generic/autopilot/op.gen 
Execute     source L:/Xilinx_201802/Vivado/2018.2/common/technology/generic/autopilot/op_simcore.gen 
Execute     source L:/Xilinx_201802/Vivado/2018.2/common/technology/generic/autopilot/interface.gen 
Execute     source K:/sola/sobel_hls/solution1/.autopilot/db/global.setting.tcl 
Execute     source L:/Xilinx_201802/Vivado/2018.2/common/technology/xilinx/zynq/zynq.gen 
Execute       source L:/Xilinx_201802/Vivado/2018.2/common/technology/xilinx/common/virtex.gen 
Execute         source L:/Xilinx_201802/Vivado/2018.2/common/technology/xilinx/common/xilinx.gen 
Execute           source L:/Xilinx_201802/Vivado/2018.2/common/technology/xilinx/interface/plb46.gen 
Execute           source L:/Xilinx_201802/Vivado/2018.2/common/technology/xilinx/interface/fsl.gen 
Execute           source L:/Xilinx_201802/Vivado/2018.2/common/technology/xilinx/interface/axi4.gen 
Execute           source L:/Xilinx_201802/Vivado/2018.2/common/technology/xilinx/interface/nativeAXI4.gen 
Execute             source L:/Xilinx_201802/Vivado/2018.2/common/technology/xilinx/interface/saxilite.gen 
Execute             source L:/Xilinx_201802/Vivado/2018.2/common/technology/xilinx/interface/maxi.gen 
Execute           source L:/Xilinx_201802/Vivado/2018.2/common/technology/xilinx/scripts/xilinxcoregen.gen 
Execute           source L:/Xilinx_201802/Vivado/2018.2/common/technology/xilinx/interface/XilEDKCoreGen.gen 
Execute           source L:/Xilinx_201802/Vivado/2018.2/common/technology/xilinx/ip/dds_compiler.gen 
Execute           source L:/Xilinx_201802/Vivado/2018.2/common/technology/xilinx/ip/util.gen 
Execute           source L:/Xilinx_201802/Vivado/2018.2/common/technology/xilinx/ip/xfft.gen 
Command           ap_source done; 0.104 sec.
Execute           source L:/Xilinx_201802/Vivado/2018.2/common/technology/xilinx/ip/xfir.gen 
Command         ap_source done; 0.148 sec.
Execute         source L:/Xilinx_201802/Vivado/2018.2/common/technology/xilinx/common/dsp48.gen 
Command       ap_source done; 0.15 sec.
Command     ap_source done; 0.151 sec.
Execute     source L:/Xilinx_201802/Vivado/2018.2/common/technology/xilinx/zynq/zynq_fpv6.gen 
Execute       source L:/Xilinx_201802/Vivado/2018.2/common/technology/xilinx/common/xilinx_fpv6.gen 
Execute     source K:/sola/sobel_hls/solution1/.autopilot/db/global.setting.tcl 
Execute     source L:/Xilinx_201802/Vivado/2018.2/common/technology/generic/autopilot/common.gen 
Execute       source L:/Xilinx_201802/Vivado/2018.2/common/technology/generic/autopilot/APCoreGen.gen 
Execute     source L:/Xilinx_201802/Vivado/2018.2/common/technology/generic/autopilot/op.gen 
Execute     source L:/Xilinx_201802/Vivado/2018.2/common/technology/generic/autopilot/op_simcore.gen 
Execute     source L:/Xilinx_201802/Vivado/2018.2/common/technology/generic/autopilot/interface.gen 
Execute     source K:/sola/sobel_hls/solution1/.autopilot/db/global.setting.tcl 
Execute     source L:/Xilinx_201802/Vivado/2018.2/common/technology/xilinx/zynq/zynq.gen 
Execute       source L:/Xilinx_201802/Vivado/2018.2/common/technology/xilinx/common/virtex.gen 
Execute         source L:/Xilinx_201802/Vivado/2018.2/common/technology/xilinx/common/xilinx.gen 
Execute           source L:/Xilinx_201802/Vivado/2018.2/common/technology/xilinx/interface/plb46.gen 
Execute           source L:/Xilinx_201802/Vivado/2018.2/common/technology/xilinx/interface/fsl.gen 
Execute           source L:/Xilinx_201802/Vivado/2018.2/common/technology/xilinx/interface/axi4.gen 
Execute           source L:/Xilinx_201802/Vivado/2018.2/common/technology/xilinx/interface/nativeAXI4.gen 
Execute             source L:/Xilinx_201802/Vivado/2018.2/common/technology/xilinx/interface/saxilite.gen 
Execute             source L:/Xilinx_201802/Vivado/2018.2/common/technology/xilinx/interface/maxi.gen 
Execute           source L:/Xilinx_201802/Vivado/2018.2/common/technology/xilinx/scripts/xilinxcoregen.gen 
Execute           source L:/Xilinx_201802/Vivado/2018.2/common/technology/xilinx/interface/XilEDKCoreGen.gen 
Execute           source L:/Xilinx_201802/Vivado/2018.2/common/technology/xilinx/ip/dds_compiler.gen 
Execute           source L:/Xilinx_201802/Vivado/2018.2/common/technology/xilinx/ip/util.gen 
Execute           source L:/Xilinx_201802/Vivado/2018.2/common/technology/xilinx/ip/xfft.gen 
Command           ap_source done; 0.103 sec.
Execute           source L:/Xilinx_201802/Vivado/2018.2/common/technology/xilinx/ip/xfir.gen 
Command         ap_source done; 0.146 sec.
Execute         source L:/Xilinx_201802/Vivado/2018.2/common/technology/xilinx/common/dsp48.gen 
Command       ap_source done; 0.149 sec.
Command     ap_source done; 0.149 sec.
Execute     source L:/Xilinx_201802/Vivado/2018.2/common/technology/xilinx/zynq/zynq_fpv6.gen 
Execute       source L:/Xilinx_201802/Vivado/2018.2/common/technology/xilinx/common/xilinx_fpv6.gen 
Execute     source K:/sola/sobel_hls/solution1/.autopilot/db/global.setting.tcl 
Execute     source K:/sola/sobel_hls/solution1/.autopilot/db/global.setting.tcl 
Execute     get_config_sdx -target 
Execute     source K:/sola/sobel_hls/solution1/.autopilot/db/global.setting.tcl 
Execute     source L:/Xilinx_201802/Vivado/2018.2/common/technology/generic/autopilot/common.gen 
Execute       source L:/Xilinx_201802/Vivado/2018.2/common/technology/generic/autopilot/APCoreGen.gen 
Execute     source L:/Xilinx_201802/Vivado/2018.2/common/technology/generic/autopilot/op.gen 
Execute     source L:/Xilinx_201802/Vivado/2018.2/common/technology/generic/autopilot/op_simcore.gen 
Execute     source L:/Xilinx_201802/Vivado/2018.2/common/technology/generic/autopilot/interface.gen 
Execute     source K:/sola/sobel_hls/solution1/.autopilot/db/global.setting.tcl 
Execute     source L:/Xilinx_201802/Vivado/2018.2/common/technology/xilinx/zynq/zynq.gen 
Execute       source L:/Xilinx_201802/Vivado/2018.2/common/technology/xilinx/common/virtex.gen 
Execute         source L:/Xilinx_201802/Vivado/2018.2/common/technology/xilinx/common/xilinx.gen 
Execute           source L:/Xilinx_201802/Vivado/2018.2/common/technology/xilinx/interface/plb46.gen 
Execute           source L:/Xilinx_201802/Vivado/2018.2/common/technology/xilinx/interface/fsl.gen 
Execute           source L:/Xilinx_201802/Vivado/2018.2/common/technology/xilinx/interface/axi4.gen 
Execute           source L:/Xilinx_201802/Vivado/2018.2/common/technology/xilinx/interface/nativeAXI4.gen 
Execute             source L:/Xilinx_201802/Vivado/2018.2/common/technology/xilinx/interface/saxilite.gen 
Execute             source L:/Xilinx_201802/Vivado/2018.2/common/technology/xilinx/interface/maxi.gen 
Execute           source L:/Xilinx_201802/Vivado/2018.2/common/technology/xilinx/scripts/xilinxcoregen.gen 
Execute           source L:/Xilinx_201802/Vivado/2018.2/common/technology/xilinx/interface/XilEDKCoreGen.gen 
Execute           source L:/Xilinx_201802/Vivado/2018.2/common/technology/xilinx/ip/dds_compiler.gen 
Execute           source L:/Xilinx_201802/Vivado/2018.2/common/technology/xilinx/ip/util.gen 
Execute           source L:/Xilinx_201802/Vivado/2018.2/common/technology/xilinx/ip/xfft.gen 
Command           ap_source done; 0.103 sec.
Execute           source L:/Xilinx_201802/Vivado/2018.2/common/technology/xilinx/ip/xfir.gen 
Command         ap_source done; 0.146 sec.
Execute         source L:/Xilinx_201802/Vivado/2018.2/common/technology/xilinx/common/dsp48.gen 
Command       ap_source done; 0.149 sec.
Command     ap_source done; 0.149 sec.
Execute     source L:/Xilinx_201802/Vivado/2018.2/common/technology/xilinx/zynq/zynq_fpv6.gen 
Execute       source L:/Xilinx_201802/Vivado/2018.2/common/technology/xilinx/common/xilinx_fpv6.gen 
Execute     source K:/sola/sobel_hls/solution1/.autopilot/db/global.setting.tcl 
Execute     source K:/sola/sobel_hls/solution1/.autopilot/db/sobel_filter.compgen.tcl 
Execute     source K:/sola/sobel_hls/solution1/.autopilot/db/global.setting.tcl 
Execute     source K:/sola/sobel_hls/solution1/.autopilot/db/sobel_filter.constraint.tcl 
Execute     source K:/sola/sobel_hls/solution1/.autopilot/db/sobel_filter.tbgen.tcl 
Execute     source K:/sola/sobel_hls/solution1/.autopilot/db/global.setting.tcl 
Execute     source L:/Xilinx_201802/Vivado/2018.2/common/technology/generic/autopilot/common.gen 
Execute       source L:/Xilinx_201802/Vivado/2018.2/common/technology/generic/autopilot/APCoreGen.gen 
Execute     source L:/Xilinx_201802/Vivado/2018.2/common/technology/generic/autopilot/op.gen 
Execute     source L:/Xilinx_201802/Vivado/2018.2/common/technology/generic/autopilot/op_simcore.gen 
Execute     source L:/Xilinx_201802/Vivado/2018.2/common/technology/generic/autopilot/interface.gen 
Execute     source K:/sola/sobel_hls/solution1/.autopilot/db/global.setting.tcl 
Execute     source L:/Xilinx_201802/Vivado/2018.2/common/technology/xilinx/zynq/zynq.gen 
Execute       source L:/Xilinx_201802/Vivado/2018.2/common/technology/xilinx/common/virtex.gen 
Execute         source L:/Xilinx_201802/Vivado/2018.2/common/technology/xilinx/common/xilinx.gen 
Execute           source L:/Xilinx_201802/Vivado/2018.2/common/technology/xilinx/interface/plb46.gen 
Execute           source L:/Xilinx_201802/Vivado/2018.2/common/technology/xilinx/interface/fsl.gen 
Execute           source L:/Xilinx_201802/Vivado/2018.2/common/technology/xilinx/interface/axi4.gen 
Execute           source L:/Xilinx_201802/Vivado/2018.2/common/technology/xilinx/interface/nativeAXI4.gen 
Execute             source L:/Xilinx_201802/Vivado/2018.2/common/technology/xilinx/interface/saxilite.gen 
Execute             source L:/Xilinx_201802/Vivado/2018.2/common/technology/xilinx/interface/maxi.gen 
Execute           source L:/Xilinx_201802/Vivado/2018.2/common/technology/xilinx/scripts/xilinxcoregen.gen 
Execute           source L:/Xilinx_201802/Vivado/2018.2/common/technology/xilinx/interface/XilEDKCoreGen.gen 
Execute           source L:/Xilinx_201802/Vivado/2018.2/common/technology/xilinx/ip/dds_compiler.gen 
Execute           source L:/Xilinx_201802/Vivado/2018.2/common/technology/xilinx/ip/util.gen 
Execute           source L:/Xilinx_201802/Vivado/2018.2/common/technology/xilinx/ip/xfft.gen 
Command           ap_source done; 0.104 sec.
Execute           source L:/Xilinx_201802/Vivado/2018.2/common/technology/xilinx/ip/xfir.gen 
Command         ap_source done; 0.147 sec.
Execute         source L:/Xilinx_201802/Vivado/2018.2/common/technology/xilinx/common/dsp48.gen 
Command       ap_source done; 0.15 sec.
Command     ap_source done; 0.15 sec.
Execute     source L:/Xilinx_201802/Vivado/2018.2/common/technology/xilinx/zynq/zynq_fpv6.gen 
Execute       source L:/Xilinx_201802/Vivado/2018.2/common/technology/xilinx/common/xilinx_fpv6.gen 
Execute     get_config_rtl -vivado_synth_design_args 
Execute     source K:/sola/sobel_hls/solution1/.autopilot/db/global.setting.tcl 
Execute     get_config_rtl -vivado_synth_strategy 
Execute     get_config_rtl -vivado_synth_strategy 
Execute     get_config_rtl -vivado_phys_opt 
Command   export_design done; 221.875 sec.
Command ap_source done; 222.171 sec.
Execute cleanup_all 
