14:42:20 INFO  : Registering command handlers for SDK TCF services
14:42:22 INFO  : Launching XSCT server: xsct.bat -interactive K:\sola\ps_axi_led\ps_axi_led.sdk\temp_xsdb_launch_script.tcl
14:42:29 INFO  : XSCT server has started successfully.
14:42:29 INFO  : Successfully done setting XSCT server connection channel  
14:42:32 INFO  : Successfully done setting SDK workspace  
14:42:32 INFO  : Processing command line option -hwspec K:/sola/ps_axi_led/ps_axi_led.sdk/design_1_wrapper.hdf.
14:45:46 INFO  : Example project axi_led_bsp_xgpio_example_1 has been created successfully.
15:37:19 INFO  : Connected to target on host '127.0.0.1' and port '3121'.
15:37:28 INFO  : ----------------XSDB Script----------------
connect -url tcp:127.0.0.1:3121
----------------End of Script----------------

15:38:06 INFO  : Connected to target on host '127.0.0.1' and port '3121'.
15:38:06 INFO  : 'targets -set -filter {jtag_cable_name =~ "Platform Cable USB II 0000139a20e901" && level==0} -index 1' command is executed.
15:38:12 INFO  : FPGA configured successfully with bitstream "K:/sola/ps_axi_led/ps_axi_led.sdk/design_1_wrapper_hw_platform_0/design_1_wrapper.bit"
15:38:23 INFO  : Connected to target on host '127.0.0.1' and port '3121'.
15:38:24 INFO  : Jtag cable 'Platform Cable USB II 0000139a20e901' is selected.
15:38:24 INFO  : 'jtag frequency' command is executed.
15:38:24 INFO  : Sourcing of 'K:/sola/ps_axi_led/ps_axi_led.sdk/design_1_wrapper_hw_platform_0/ps7_init.tcl' is done.
15:38:24 INFO  : Context for 'APU' is selected.
15:38:24 INFO  : System reset is completed.
15:38:27 INFO  : 'after 3000' command is executed.
15:38:27 INFO  : 'targets -set -filter {jtag_cable_name =~ "Platform Cable USB II 0000139a20e901" && level==0} -index 1' command is executed.
15:38:33 INFO  : FPGA configured successfully with bitstream "K:/sola/ps_axi_led/ps_axi_led.sdk/design_1_wrapper_hw_platform_0/design_1_wrapper.bit"
15:38:33 INFO  : Context for 'APU' is selected.
15:38:33 INFO  : Hardware design information is loaded from 'K:/sola/ps_axi_led/ps_axi_led.sdk/design_1_wrapper_hw_platform_0/system.hdf'.
15:38:33 INFO  : 'configparams force-mem-access 1' command is executed.
15:38:33 INFO  : Context for 'APU' is selected.
15:38:34 INFO  : 'ps7_init' command is executed.
15:38:34 INFO  : 'ps7_post_config' command is executed.
15:38:34 INFO  : Context for processor 'ps7_cortexa9_0' is selected.
15:38:35 INFO  : The application 'K:/sola/ps_axi_led/ps_axi_led.sdk/axi_led_bsp_xgpio_example_1/Debug/axi_led_bsp_xgpio_example_1.elf' is downloaded to processor 'ps7_cortexa9_0'.
15:38:35 INFO  : 'configparams force-mem-access 0' command is executed.
15:38:35 INFO  : ----------------XSDB Script----------------
connect -url tcp:127.0.0.1:3121
source K:/sola/ps_axi_led/ps_axi_led.sdk/design_1_wrapper_hw_platform_0/ps7_init.tcl
targets -set -nocase -filter {name =~"APU*" && jtag_cable_name =~ "Platform Cable USB II 0000139a20e901"} -index 0
rst -system
after 3000
targets -set -filter {jtag_cable_name =~ "Platform Cable USB II 0000139a20e901" && level==0} -index 1
fpga -file K:/sola/ps_axi_led/ps_axi_led.sdk/design_1_wrapper_hw_platform_0/design_1_wrapper.bit
targets -set -nocase -filter {name =~"APU*" && jtag_cable_name =~ "Platform Cable USB II 0000139a20e901"} -index 0
loadhw -hw K:/sola/ps_axi_led/ps_axi_led.sdk/design_1_wrapper_hw_platform_0/system.hdf -mem-ranges [list {0x40000000 0xbfffffff}]
configparams force-mem-access 1
targets -set -nocase -filter {name =~"APU*" && jtag_cable_name =~ "Platform Cable USB II 0000139a20e901"} -index 0
ps7_init
ps7_post_config
targets -set -nocase -filter {name =~ "ARM*#0" && jtag_cable_name =~ "Platform Cable USB II 0000139a20e901"} -index 0
dow K:/sola/ps_axi_led/ps_axi_led.sdk/axi_led_bsp_xgpio_example_1/Debug/axi_led_bsp_xgpio_example_1.elf
configparams force-mem-access 0
----------------End of Script----------------

15:38:35 INFO  : Memory regions updated for context APU
15:38:35 INFO  : Context for processor 'ps7_cortexa9_0' is selected.
15:38:35 INFO  : 'con' command is executed.
15:38:35 INFO  : ----------------XSDB Script (After Launch)----------------
targets -set -nocase -filter {name =~ "ARM*#0" && jtag_cable_name =~ "Platform Cable USB II 0000139a20e901"} -index 0
con
----------------End of Script----------------

15:38:35 INFO  : Launch script is exported to file 'K:\sola\ps_axi_led\ps_axi_led.sdk\.sdk\launch_scripts\xilinx_c-c++_application_(system_debugger)\system_debugger_using_debug_axi_led_bsp_xgpio_example_1.elf_on_local.tcl'
15:38:53 INFO  : Disconnected from the channel tcfchan#1.
