23:16:47 INFO  : Registering command handlers for SDK TCF services
23:16:48 INFO  : Launching XSCT server: xsct.bat -interactive K:\sola\pynqz2_gpio\pynqz2_gpio.sdk\temp_xsdb_launch_script.tcl
23:16:54 INFO  : XSCT server has started successfully.
23:16:54 INFO  : Successfully done setting XSCT server connection channel  
23:16:54 INFO  : Successfully done setting SDK workspace  
23:16:54 INFO  : Processing command line option -hwspec K:/sola/pynqz2_gpio/pynqz2_gpio.sdk/design_1_wrapper.hdf.
23:20:00 INFO  : Example project gpio_bsp_xgpio_example_1 has been created successfully.
23:21:13 INFO  : Connected to target on host '127.0.0.1' and port '3121'.
23:21:14 INFO  : Jtag cable 'Xilinx TUL 1234-tulA' is selected.
23:21:14 INFO  : 'jtag frequency' command is executed.
23:21:14 INFO  : Sourcing of 'K:/sola/pynqz2_gpio/pynqz2_gpio.sdk/design_1_wrapper_hw_platform_0/ps7_init.tcl' is done.
23:21:14 INFO  : Context for 'APU' is selected.
23:21:14 INFO  : System reset is completed.
23:21:17 INFO  : 'after 3000' command is executed.
23:21:18 INFO  : 'targets -set -filter {jtag_cable_name =~ "Xilinx TUL 1234-tulA" && level==0} -index 1' command is executed.
23:21:20 INFO  : FPGA configured successfully with bitstream "K:/sola/pynqz2_gpio/pynqz2_gpio.sdk/design_1_wrapper_hw_platform_0/design_1_wrapper.bit"
23:21:21 INFO  : Context for 'APU' is selected.
23:21:21 INFO  : Hardware design information is loaded from 'K:/sola/pynqz2_gpio/pynqz2_gpio.sdk/design_1_wrapper_hw_platform_0/system.hdf'.
23:21:21 INFO  : 'configparams force-mem-access 1' command is executed.
23:21:21 INFO  : Context for 'APU' is selected.
23:21:22 INFO  : 'ps7_init' command is executed.
23:21:22 INFO  : 'ps7_post_config' command is executed.
23:21:22 INFO  : Context for processor 'ps7_cortexa9_0' is selected.
23:21:22 INFO  : The application 'K:/sola/pynqz2_gpio/pynqz2_gpio.sdk/gpio/Debug/gpio.elf' is downloaded to processor 'ps7_cortexa9_0'.
23:21:22 INFO  : 'configparams force-mem-access 0' command is executed.
23:21:22 INFO  : ----------------XSDB Script----------------
connect -url tcp:127.0.0.1:3121
source K:/sola/pynqz2_gpio/pynqz2_gpio.sdk/design_1_wrapper_hw_platform_0/ps7_init.tcl
targets -set -nocase -filter {name =~"APU*" && jtag_cable_name =~ "Xilinx TUL 1234-tulA"} -index 0
rst -system
after 3000
targets -set -filter {jtag_cable_name =~ "Xilinx TUL 1234-tulA" && level==0} -index 1
fpga -file K:/sola/pynqz2_gpio/pynqz2_gpio.sdk/design_1_wrapper_hw_platform_0/design_1_wrapper.bit
targets -set -nocase -filter {name =~"APU*" && jtag_cable_name =~ "Xilinx TUL 1234-tulA"} -index 0
loadhw -hw K:/sola/pynqz2_gpio/pynqz2_gpio.sdk/design_1_wrapper_hw_platform_0/system.hdf -mem-ranges [list {0x40000000 0xbfffffff}]
configparams force-mem-access 1
targets -set -nocase -filter {name =~"APU*" && jtag_cable_name =~ "Xilinx TUL 1234-tulA"} -index 0
ps7_init
ps7_post_config
targets -set -nocase -filter {name =~ "ARM*#0" && jtag_cable_name =~ "Xilinx TUL 1234-tulA"} -index 0
dow K:/sola/pynqz2_gpio/pynqz2_gpio.sdk/gpio/Debug/gpio.elf
configparams force-mem-access 0
----------------End of Script----------------

23:21:22 INFO  : Memory regions updated for context APU
23:21:23 INFO  : Context for processor 'ps7_cortexa9_0' is selected.
23:21:23 INFO  : 'con' command is executed.
23:21:23 INFO  : ----------------XSDB Script (After Launch)----------------
targets -set -nocase -filter {name =~ "ARM*#0" && jtag_cable_name =~ "Xilinx TUL 1234-tulA"} -index 0
con
----------------End of Script----------------

23:21:23 INFO  : Launch script is exported to file 'K:\sola\pynqz2_gpio\pynqz2_gpio.sdk\.sdk\launch_scripts\xilinx_c-c++_application_(system_debugger)\system_debugger_using_debug_gpio.elf_on_local.tcl'
23:21:35 INFO  : Disconnected from the channel tcfchan#1.
23:21:36 INFO  : Connected to target on host '127.0.0.1' and port '3121'.
23:21:37 INFO  : Jtag cable 'Xilinx TUL 1234-tulA' is selected.
23:21:37 INFO  : 'jtag frequency' command is executed.
23:21:37 INFO  : Sourcing of 'K:/sola/pynqz2_gpio/pynqz2_gpio.sdk/design_1_wrapper_hw_platform_0/ps7_init.tcl' is done.
23:21:37 INFO  : Context for 'APU' is selected.
23:21:37 INFO  : System reset is completed.
23:21:40 INFO  : 'after 3000' command is executed.
23:21:40 INFO  : 'targets -set -filter {jtag_cable_name =~ "Xilinx TUL 1234-tulA" && level==0} -index 1' command is executed.
23:21:42 INFO  : FPGA configured successfully with bitstream "K:/sola/pynqz2_gpio/pynqz2_gpio.sdk/design_1_wrapper_hw_platform_0/design_1_wrapper.bit"
23:21:42 INFO  : Context for 'APU' is selected.
23:21:44 INFO  : Hardware design information is loaded from 'K:/sola/pynqz2_gpio/pynqz2_gpio.sdk/design_1_wrapper_hw_platform_0/system.hdf'.
23:21:44 INFO  : 'configparams force-mem-access 1' command is executed.
23:21:44 INFO  : Context for 'APU' is selected.
23:21:45 INFO  : 'ps7_init' command is executed.
23:21:45 INFO  : 'ps7_post_config' command is executed.
23:21:45 INFO  : Context for processor 'ps7_cortexa9_0' is selected.
23:21:45 INFO  : The application 'K:/sola/pynqz2_gpio/pynqz2_gpio.sdk/gpio/Debug/gpio.elf' is downloaded to processor 'ps7_cortexa9_0'.
23:21:45 INFO  : 'configparams force-mem-access 0' command is executed.
23:21:45 INFO  : ----------------XSDB Script----------------
connect -url tcp:127.0.0.1:3121
source K:/sola/pynqz2_gpio/pynqz2_gpio.sdk/design_1_wrapper_hw_platform_0/ps7_init.tcl
targets -set -nocase -filter {name =~"APU*" && jtag_cable_name =~ "Xilinx TUL 1234-tulA"} -index 0
rst -system
after 3000
targets -set -filter {jtag_cable_name =~ "Xilinx TUL 1234-tulA" && level==0} -index 1
fpga -file K:/sola/pynqz2_gpio/pynqz2_gpio.sdk/design_1_wrapper_hw_platform_0/design_1_wrapper.bit
targets -set -nocase -filter {name =~"APU*" && jtag_cable_name =~ "Xilinx TUL 1234-tulA"} -index 0
loadhw -hw K:/sola/pynqz2_gpio/pynqz2_gpio.sdk/design_1_wrapper_hw_platform_0/system.hdf -mem-ranges [list {0x40000000 0xbfffffff}]
configparams force-mem-access 1
targets -set -nocase -filter {name =~"APU*" && jtag_cable_name =~ "Xilinx TUL 1234-tulA"} -index 0
ps7_init
ps7_post_config
targets -set -nocase -filter {name =~ "ARM*#0" && jtag_cable_name =~ "Xilinx TUL 1234-tulA"} -index 0
dow K:/sola/pynqz2_gpio/pynqz2_gpio.sdk/gpio/Debug/gpio.elf
configparams force-mem-access 0
----------------End of Script----------------

23:21:45 INFO  : Memory regions updated for context APU
23:21:45 INFO  : Context for processor 'ps7_cortexa9_0' is selected.
23:21:45 INFO  : 'con' command is executed.
23:21:45 INFO  : ----------------XSDB Script (After Launch)----------------
targets -set -nocase -filter {name =~ "ARM*#0" && jtag_cable_name =~ "Xilinx TUL 1234-tulA"} -index 0
con
----------------End of Script----------------

23:21:45 INFO  : Launch script is exported to file 'K:\sola\pynqz2_gpio\pynqz2_gpio.sdk\.sdk\launch_scripts\xilinx_c-c++_application_(system_debugger)\system_debugger_using_debug_gpio.elf_on_local.tcl'
23:27:14 INFO  : Disconnected from the channel tcfchan#2.
23:27:15 INFO  : Connected to target on host '127.0.0.1' and port '3121'.
23:27:16 INFO  : Jtag cable 'Xilinx TUL 1234-tulA' is selected.
23:27:16 INFO  : 'jtag frequency' command is executed.
23:27:16 INFO  : Sourcing of 'K:/sola/pynqz2_gpio/pynqz2_gpio.sdk/design_1_wrapper_hw_platform_0/ps7_init.tcl' is done.
23:27:16 INFO  : Context for 'APU' is selected.
23:27:16 INFO  : System reset is completed.
23:27:19 INFO  : 'after 3000' command is executed.
23:27:19 INFO  : 'targets -set -filter {jtag_cable_name =~ "Xilinx TUL 1234-tulA" && level==0} -index 1' command is executed.
23:27:21 INFO  : FPGA configured successfully with bitstream "K:/sola/pynqz2_gpio/pynqz2_gpio.sdk/design_1_wrapper_hw_platform_0/design_1_wrapper.bit"
23:27:21 INFO  : Context for 'APU' is selected.
23:27:23 INFO  : Hardware design information is loaded from 'K:/sola/pynqz2_gpio/pynqz2_gpio.sdk/design_1_wrapper_hw_platform_0/system.hdf'.
23:27:23 INFO  : 'configparams force-mem-access 1' command is executed.
23:27:23 INFO  : Context for 'APU' is selected.
23:27:24 INFO  : 'ps7_init' command is executed.
23:27:24 INFO  : 'ps7_post_config' command is executed.
23:27:24 INFO  : Context for processor 'ps7_cortexa9_0' is selected.
23:27:24 INFO  : The application 'K:/sola/pynqz2_gpio/pynqz2_gpio.sdk/gpio/Debug/gpio.elf' is downloaded to processor 'ps7_cortexa9_0'.
23:27:24 INFO  : 'configparams force-mem-access 0' command is executed.
23:27:24 INFO  : ----------------XSDB Script----------------
connect -url tcp:127.0.0.1:3121
source K:/sola/pynqz2_gpio/pynqz2_gpio.sdk/design_1_wrapper_hw_platform_0/ps7_init.tcl
targets -set -nocase -filter {name =~"APU*" && jtag_cable_name =~ "Xilinx TUL 1234-tulA"} -index 0
rst -system
after 3000
targets -set -filter {jtag_cable_name =~ "Xilinx TUL 1234-tulA" && level==0} -index 1
fpga -file K:/sola/pynqz2_gpio/pynqz2_gpio.sdk/design_1_wrapper_hw_platform_0/design_1_wrapper.bit
targets -set -nocase -filter {name =~"APU*" && jtag_cable_name =~ "Xilinx TUL 1234-tulA"} -index 0
loadhw -hw K:/sola/pynqz2_gpio/pynqz2_gpio.sdk/design_1_wrapper_hw_platform_0/system.hdf -mem-ranges [list {0x40000000 0xbfffffff}]
configparams force-mem-access 1
targets -set -nocase -filter {name =~"APU*" && jtag_cable_name =~ "Xilinx TUL 1234-tulA"} -index 0
ps7_init
ps7_post_config
targets -set -nocase -filter {name =~ "ARM*#0" && jtag_cable_name =~ "Xilinx TUL 1234-tulA"} -index 0
dow K:/sola/pynqz2_gpio/pynqz2_gpio.sdk/gpio/Debug/gpio.elf
configparams force-mem-access 0
----------------End of Script----------------

23:27:24 INFO  : Memory regions updated for context APU
23:27:24 INFO  : Context for processor 'ps7_cortexa9_0' is selected.
23:27:24 INFO  : 'con' command is executed.
23:27:24 INFO  : ----------------XSDB Script (After Launch)----------------
targets -set -nocase -filter {name =~ "ARM*#0" && jtag_cable_name =~ "Xilinx TUL 1234-tulA"} -index 0
con
----------------End of Script----------------

23:27:24 INFO  : Launch script is exported to file 'K:\sola\pynqz2_gpio\pynqz2_gpio.sdk\.sdk\launch_scripts\xilinx_c-c++_application_(system_debugger)\system_debugger_using_debug_gpio.elf_on_local.tcl'
23:39:32 INFO  : Disconnected from the channel tcfchan#3.
