INFO: [VRFC 10-2263] Analyzing Verilog file "K:/sola/isa_controller_0802_tb/isa_controller_0802_tb.srcs/sources_1/new/ISA_Controller.v" into library xil_defaultlib
INFO: [VRFC 10-311] analyzing module ISA_Controller
WARNING: [VRFC 10-756] identifier current_state is used before its declaration [K:/sola/isa_controller_0802_tb/isa_controller_0802_tb.srcs/sources_1/new/ISA_Controller.v:100]
WARNING: [VRFC 10-756] identifier isa_wr_done is used before its declaration [K:/sola/isa_controller_0802_tb/isa_controller_0802_tb.srcs/sources_1/new/ISA_Controller.v:157]
WARNING: [VRFC 10-756] identifier isa_rd_done is used before its declaration [K:/sola/isa_controller_0802_tb/isa_controller_0802_tb.srcs/sources_1/new/ISA_Controller.v:159]
INFO: [VRFC 10-2263] Analyzing Verilog file "K:/sola/isa_controller_0802_tb/isa_controller_0802_tb.srcs/sources_1/imports/hdl/axi_isa_v1_0.v" into library xil_defaultlib
INFO: [VRFC 10-311] analyzing module axi_isa_v1_0
INFO: [VRFC 10-2263] Analyzing Verilog file "K:/sola/isa_controller_0802_tb/isa_controller_0802_tb.srcs/sources_1/imports/hdl/axi_isa_v1_0_S00_AXI.v" into library xil_defaultlib
INFO: [VRFC 10-311] analyzing module axi_isa_v1_0_S00_AXI
WARNING: [VRFC 10-756] identifier int_ap_start is used before its declaration [K:/sola/isa_controller_0802_tb/isa_controller_0802_tb.srcs/sources_1/imports/hdl/axi_isa_v1_0_S00_AXI.v:423]
WARNING: [VRFC 10-756] identifier int_ap_done is used before its declaration [K:/sola/isa_controller_0802_tb/isa_controller_0802_tb.srcs/sources_1/imports/hdl/axi_isa_v1_0_S00_AXI.v:424]
WARNING: [VRFC 10-756] identifier int_ap_idle is used before its declaration [K:/sola/isa_controller_0802_tb/isa_controller_0802_tb.srcs/sources_1/imports/hdl/axi_isa_v1_0_S00_AXI.v:425]
WARNING: [VRFC 10-756] identifier int_rst_drv is used before its declaration [K:/sola/isa_controller_0802_tb/isa_controller_0802_tb.srcs/sources_1/imports/hdl/axi_isa_v1_0_S00_AXI.v:427]
WARNING: [VRFC 10-756] identifier isa_rd_data is used before its declaration [K:/sola/isa_controller_0802_tb/isa_controller_0802_tb.srcs/sources_1/imports/hdl/axi_isa_v1_0_S00_AXI.v:434]
INFO: [VRFC 10-2263] Analyzing Verilog file "K:/sola/isa_controller_0802_tb/isa_controller_0802_tb.srcs/sim_1/new/axi_isa_tb.v" into library xil_defaultlib
INFO: [VRFC 10-311] analyzing module axi_isa_tb
WARNING: [VRFC 10-986] literal value truncated to fit in 5 bits [K:/sola/isa_controller_0802_tb/isa_controller_0802_tb.srcs/sim_1/new/axi_isa_tb.v:135]
WARNING: [VRFC 10-986] literal value truncated to fit in 5 bits [K:/sola/isa_controller_0802_tb/isa_controller_0802_tb.srcs/sim_1/new/axi_isa_tb.v:137]
WARNING: [VRFC 10-986] literal value truncated to fit in 5 bits [K:/sola/isa_controller_0802_tb/isa_controller_0802_tb.srcs/sim_1/new/axi_isa_tb.v:142]
WARNING: [VRFC 10-986] literal value truncated to fit in 5 bits [K:/sola/isa_controller_0802_tb/isa_controller_0802_tb.srcs/sim_1/new/axi_isa_tb.v:145]
WARNING: [VRFC 10-986] literal value truncated to fit in 5 bits [K:/sola/isa_controller_0802_tb/isa_controller_0802_tb.srcs/sim_1/new/axi_isa_tb.v:149]
WARNING: [VRFC 10-986] literal value truncated to fit in 5 bits [K:/sola/isa_controller_0802_tb/isa_controller_0802_tb.srcs/sim_1/new/axi_isa_tb.v:152]
WARNING: [VRFC 10-986] literal value truncated to fit in 5 bits [K:/sola/isa_controller_0802_tb/isa_controller_0802_tb.srcs/sim_1/new/axi_isa_tb.v:156]
WARNING: [VRFC 10-986] literal value truncated to fit in 5 bits [K:/sola/isa_controller_0802_tb/isa_controller_0802_tb.srcs/sim_1/new/axi_isa_tb.v:159]
WARNING: [VRFC 10-986] literal value truncated to fit in 5 bits [K:/sola/isa_controller_0802_tb/isa_controller_0802_tb.srcs/sim_1/new/axi_isa_tb.v:163]
WARNING: [VRFC 10-986] literal value truncated to fit in 5 bits [K:/sola/isa_controller_0802_tb/isa_controller_0802_tb.srcs/sim_1/new/axi_isa_tb.v:166]
WARNING: [VRFC 10-986] literal value truncated to fit in 5 bits [K:/sola/isa_controller_0802_tb/isa_controller_0802_tb.srcs/sim_1/new/axi_isa_tb.v:170]
WARNING: [VRFC 10-986] literal value truncated to fit in 5 bits [K:/sola/isa_controller_0802_tb/isa_controller_0802_tb.srcs/sim_1/new/axi_isa_tb.v:173]
WARNING: [VRFC 10-986] literal value truncated to fit in 5 bits [K:/sola/isa_controller_0802_tb/isa_controller_0802_tb.srcs/sim_1/new/axi_isa_tb.v:178]
WARNING: [VRFC 10-986] literal value truncated to fit in 5 bits [K:/sola/isa_controller_0802_tb/isa_controller_0802_tb.srcs/sim_1/new/axi_isa_tb.v:181]
WARNING: [VRFC 10-986] literal value truncated to fit in 5 bits [K:/sola/isa_controller_0802_tb/isa_controller_0802_tb.srcs/sim_1/new/axi_isa_tb.v:189]
WARNING: [VRFC 10-986] literal value truncated to fit in 5 bits [K:/sola/isa_controller_0802_tb/isa_controller_0802_tb.srcs/sim_1/new/axi_isa_tb.v:192]
WARNING: [VRFC 10-986] literal value truncated to fit in 5 bits [K:/sola/isa_controller_0802_tb/isa_controller_0802_tb.srcs/sim_1/new/axi_isa_tb.v:197]
WARNING: [VRFC 10-986] literal value truncated to fit in 5 bits [K:/sola/isa_controller_0802_tb/isa_controller_0802_tb.srcs/sim_1/new/axi_isa_tb.v:200]
WARNING: [VRFC 10-986] literal value truncated to fit in 5 bits [K:/sola/isa_controller_0802_tb/isa_controller_0802_tb.srcs/sim_1/new/axi_isa_tb.v:204]
WARNING: [VRFC 10-986] literal value truncated to fit in 5 bits [K:/sola/isa_controller_0802_tb/isa_controller_0802_tb.srcs/sim_1/new/axi_isa_tb.v:207]
WARNING: [VRFC 10-986] literal value truncated to fit in 5 bits [K:/sola/isa_controller_0802_tb/isa_controller_0802_tb.srcs/sim_1/new/axi_isa_tb.v:211]
WARNING: [VRFC 10-986] literal value truncated to fit in 5 bits [K:/sola/isa_controller_0802_tb/isa_controller_0802_tb.srcs/sim_1/new/axi_isa_tb.v:214]
WARNING: [VRFC 10-986] literal value truncated to fit in 5 bits [K:/sola/isa_controller_0802_tb/isa_controller_0802_tb.srcs/sim_1/new/axi_isa_tb.v:219]
WARNING: [VRFC 10-986] literal value truncated to fit in 5 bits [K:/sola/isa_controller_0802_tb/isa_controller_0802_tb.srcs/sim_1/new/axi_isa_tb.v:222]
WARNING: [VRFC 10-986] literal value truncated to fit in 5 bits [K:/sola/isa_controller_0802_tb/isa_controller_0802_tb.srcs/sim_1/new/axi_isa_tb.v:228]
WARNING: [VRFC 10-986] literal value truncated to fit in 5 bits [K:/sola/isa_controller_0802_tb/isa_controller_0802_tb.srcs/sim_1/new/axi_isa_tb.v:231]
WARNING: [VRFC 10-986] literal value truncated to fit in 5 bits [K:/sola/isa_controller_0802_tb/isa_controller_0802_tb.srcs/sim_1/new/axi_isa_tb.v:236]
WARNING: [VRFC 10-986] literal value truncated to fit in 5 bits [K:/sola/isa_controller_0802_tb/isa_controller_0802_tb.srcs/sim_1/new/axi_isa_tb.v:239]
WARNING: [VRFC 10-986] literal value truncated to fit in 32 bits [K:/sola/isa_controller_0802_tb/isa_controller_0802_tb.srcs/sim_1/new/axi_isa_tb.v:277]
WARNING: [VRFC 10-986] literal value truncated to fit in 32 bits [K:/sola/isa_controller_0802_tb/isa_controller_0802_tb.srcs/sim_1/new/axi_isa_tb.v:288]
WARNING: [VRFC 10-986] literal value truncated to fit in 32 bits [K:/sola/isa_controller_0802_tb/isa_controller_0802_tb.srcs/sim_1/new/axi_isa_tb.v:310]
WARNING: [VRFC 10-986] literal value truncated to fit in 32 bits [K:/sola/isa_controller_0802_tb/isa_controller_0802_tb.srcs/sim_1/new/axi_isa_tb.v:340]
WARNING: [VRFC 10-986] literal value truncated to fit in 32 bits [K:/sola/isa_controller_0802_tb/isa_controller_0802_tb.srcs/sim_1/new/axi_isa_tb.v:362]
WARNING: [VRFC 10-756] identifier rd_data is used before its declaration [K:/sola/isa_controller_0802_tb/isa_controller_0802_tb.srcs/sim_1/new/axi_isa_tb.v:177]
WARNING: [VRFC 10-756] identifier rd_data is used before its declaration [K:/sola/isa_controller_0802_tb/isa_controller_0802_tb.srcs/sim_1/new/axi_isa_tb.v:188]
WARNING: [VRFC 10-756] identifier rd_data is used before its declaration [K:/sola/isa_controller_0802_tb/isa_controller_0802_tb.srcs/sim_1/new/axi_isa_tb.v:218]
WARNING: [VRFC 10-756] identifier rd_data is used before its declaration [K:/sola/isa_controller_0802_tb/isa_controller_0802_tb.srcs/sim_1/new/axi_isa_tb.v:227]
