INFO: [VRFC 10-2263] Analyzing Verilog file "K:/sola/isa_controller_0812_tb/isa_controller_0812_tb.srcs/sources_1/imports/sources_1/new/ISA_Controller.v" into library xil_defaultlib
INFO: [VRFC 10-311] analyzing module ISA_Controller
WARNING: [VRFC 10-756] identifier isa_wr_done is used before its declaration [K:/sola/isa_controller_0812_tb/isa_controller_0812_tb.srcs/sources_1/imports/sources_1/new/ISA_Controller.v:151]
WARNING: [VRFC 10-756] identifier isa_rd_done is used before its declaration [K:/sola/isa_controller_0812_tb/isa_controller_0812_tb.srcs/sources_1/imports/sources_1/new/ISA_Controller.v:153]
INFO: [VRFC 10-2263] Analyzing Verilog file "K:/sola/isa_controller_0812_tb/isa_controller_0812_tb.srcs/sources_1/imports/sources_1/imports/hdl/axi_isa_v1_0.v" into library xil_defaultlib
INFO: [VRFC 10-311] analyzing module axi_isa_v1_0
INFO: [VRFC 10-2263] Analyzing Verilog file "K:/sola/isa_controller_0812_tb/isa_controller_0812_tb.srcs/sources_1/imports/sources_1/imports/hdl/axi_isa_v1_0_S00_AXI.v" into library xil_defaultlib
INFO: [VRFC 10-311] analyzing module axi_isa_v1_0_S00_AXI
WARNING: [VRFC 10-756] identifier int_ap_start is used before its declaration [K:/sola/isa_controller_0812_tb/isa_controller_0812_tb.srcs/sources_1/imports/sources_1/imports/hdl/axi_isa_v1_0_S00_AXI.v:422]
WARNING: [VRFC 10-756] identifier int_ap_done is used before its declaration [K:/sola/isa_controller_0812_tb/isa_controller_0812_tb.srcs/sources_1/imports/sources_1/imports/hdl/axi_isa_v1_0_S00_AXI.v:423]
WARNING: [VRFC 10-756] identifier int_ap_idle is used before its declaration [K:/sola/isa_controller_0812_tb/isa_controller_0812_tb.srcs/sources_1/imports/sources_1/imports/hdl/axi_isa_v1_0_S00_AXI.v:424]
WARNING: [VRFC 10-756] identifier int_rst_drv is used before its declaration [K:/sola/isa_controller_0812_tb/isa_controller_0812_tb.srcs/sources_1/imports/sources_1/imports/hdl/axi_isa_v1_0_S00_AXI.v:426]
WARNING: [VRFC 10-756] identifier isa_rd_data is used before its declaration [K:/sola/isa_controller_0812_tb/isa_controller_0812_tb.srcs/sources_1/imports/sources_1/imports/hdl/axi_isa_v1_0_S00_AXI.v:433]
INFO: [VRFC 10-2263] Analyzing Verilog file "K:/sola/isa_controller_0812_tb/isa_controller_0812_tb.srcs/sim_1/imports/new/axi_isa_tb.v" into library xil_defaultlib
INFO: [VRFC 10-311] analyzing module axi_isa_tb
WARNING: [VRFC 10-986] literal value truncated to fit in 5 bits [K:/sola/isa_controller_0812_tb/isa_controller_0812_tb.srcs/sim_1/imports/new/axi_isa_tb.v:135]
WARNING: [VRFC 10-986] literal value truncated to fit in 5 bits [K:/sola/isa_controller_0812_tb/isa_controller_0812_tb.srcs/sim_1/imports/new/axi_isa_tb.v:137]
WARNING: [VRFC 10-986] literal value truncated to fit in 5 bits [K:/sola/isa_controller_0812_tb/isa_controller_0812_tb.srcs/sim_1/imports/new/axi_isa_tb.v:142]
WARNING: [VRFC 10-986] literal value truncated to fit in 5 bits [K:/sola/isa_controller_0812_tb/isa_controller_0812_tb.srcs/sim_1/imports/new/axi_isa_tb.v:145]
WARNING: [VRFC 10-986] literal value truncated to fit in 5 bits [K:/sola/isa_controller_0812_tb/isa_controller_0812_tb.srcs/sim_1/imports/new/axi_isa_tb.v:149]
WARNING: [VRFC 10-986] literal value truncated to fit in 5 bits [K:/sola/isa_controller_0812_tb/isa_controller_0812_tb.srcs/sim_1/imports/new/axi_isa_tb.v:152]
WARNING: [VRFC 10-986] literal value truncated to fit in 5 bits [K:/sola/isa_controller_0812_tb/isa_controller_0812_tb.srcs/sim_1/imports/new/axi_isa_tb.v:156]
WARNING: [VRFC 10-986] literal value truncated to fit in 5 bits [K:/sola/isa_controller_0812_tb/isa_controller_0812_tb.srcs/sim_1/imports/new/axi_isa_tb.v:159]
WARNING: [VRFC 10-986] literal value truncated to fit in 5 bits [K:/sola/isa_controller_0812_tb/isa_controller_0812_tb.srcs/sim_1/imports/new/axi_isa_tb.v:163]
WARNING: [VRFC 10-986] literal value truncated to fit in 5 bits [K:/sola/isa_controller_0812_tb/isa_controller_0812_tb.srcs/sim_1/imports/new/axi_isa_tb.v:166]
WARNING: [VRFC 10-986] literal value truncated to fit in 5 bits [K:/sola/isa_controller_0812_tb/isa_controller_0812_tb.srcs/sim_1/imports/new/axi_isa_tb.v:170]
WARNING: [VRFC 10-986] literal value truncated to fit in 5 bits [K:/sola/isa_controller_0812_tb/isa_controller_0812_tb.srcs/sim_1/imports/new/axi_isa_tb.v:173]
WARNING: [VRFC 10-986] literal value truncated to fit in 5 bits [K:/sola/isa_controller_0812_tb/isa_controller_0812_tb.srcs/sim_1/imports/new/axi_isa_tb.v:177]
WARNING: [VRFC 10-986] literal value truncated to fit in 5 bits [K:/sola/isa_controller_0812_tb/isa_controller_0812_tb.srcs/sim_1/imports/new/axi_isa_tb.v:180]
WARNING: [VRFC 10-986] literal value truncated to fit in 5 bits [K:/sola/isa_controller_0812_tb/isa_controller_0812_tb.srcs/sim_1/imports/new/axi_isa_tb.v:184]
WARNING: [VRFC 10-986] literal value truncated to fit in 5 bits [K:/sola/isa_controller_0812_tb/isa_controller_0812_tb.srcs/sim_1/imports/new/axi_isa_tb.v:187]
WARNING: [VRFC 10-986] literal value truncated to fit in 5 bits [K:/sola/isa_controller_0812_tb/isa_controller_0812_tb.srcs/sim_1/imports/new/axi_isa_tb.v:195]
WARNING: [VRFC 10-986] literal value truncated to fit in 5 bits [K:/sola/isa_controller_0812_tb/isa_controller_0812_tb.srcs/sim_1/imports/new/axi_isa_tb.v:198]
WARNING: [VRFC 10-986] literal value truncated to fit in 5 bits [K:/sola/isa_controller_0812_tb/isa_controller_0812_tb.srcs/sim_1/imports/new/axi_isa_tb.v:203]
WARNING: [VRFC 10-986] literal value truncated to fit in 5 bits [K:/sola/isa_controller_0812_tb/isa_controller_0812_tb.srcs/sim_1/imports/new/axi_isa_tb.v:206]
WARNING: [VRFC 10-986] literal value truncated to fit in 5 bits [K:/sola/isa_controller_0812_tb/isa_controller_0812_tb.srcs/sim_1/imports/new/axi_isa_tb.v:210]
WARNING: [VRFC 10-986] literal value truncated to fit in 5 bits [K:/sola/isa_controller_0812_tb/isa_controller_0812_tb.srcs/sim_1/imports/new/axi_isa_tb.v:213]
WARNING: [VRFC 10-986] literal value truncated to fit in 5 bits [K:/sola/isa_controller_0812_tb/isa_controller_0812_tb.srcs/sim_1/imports/new/axi_isa_tb.v:217]
WARNING: [VRFC 10-986] literal value truncated to fit in 5 bits [K:/sola/isa_controller_0812_tb/isa_controller_0812_tb.srcs/sim_1/imports/new/axi_isa_tb.v:220]
WARNING: [VRFC 10-986] literal value truncated to fit in 5 bits [K:/sola/isa_controller_0812_tb/isa_controller_0812_tb.srcs/sim_1/imports/new/axi_isa_tb.v:224]
WARNING: [VRFC 10-986] literal value truncated to fit in 5 bits [K:/sola/isa_controller_0812_tb/isa_controller_0812_tb.srcs/sim_1/imports/new/axi_isa_tb.v:227]
WARNING: [VRFC 10-986] literal value truncated to fit in 5 bits [K:/sola/isa_controller_0812_tb/isa_controller_0812_tb.srcs/sim_1/imports/new/axi_isa_tb.v:231]
WARNING: [VRFC 10-986] literal value truncated to fit in 5 bits [K:/sola/isa_controller_0812_tb/isa_controller_0812_tb.srcs/sim_1/imports/new/axi_isa_tb.v:234]
WARNING: [VRFC 10-986] literal value truncated to fit in 5 bits [K:/sola/isa_controller_0812_tb/isa_controller_0812_tb.srcs/sim_1/imports/new/axi_isa_tb.v:239]
WARNING: [VRFC 10-986] literal value truncated to fit in 5 bits [K:/sola/isa_controller_0812_tb/isa_controller_0812_tb.srcs/sim_1/imports/new/axi_isa_tb.v:242]
WARNING: [VRFC 10-986] literal value truncated to fit in 5 bits [K:/sola/isa_controller_0812_tb/isa_controller_0812_tb.srcs/sim_1/imports/new/axi_isa_tb.v:246]
WARNING: [VRFC 10-986] literal value truncated to fit in 5 bits [K:/sola/isa_controller_0812_tb/isa_controller_0812_tb.srcs/sim_1/imports/new/axi_isa_tb.v:249]
WARNING: [VRFC 10-986] literal value truncated to fit in 5 bits [K:/sola/isa_controller_0812_tb/isa_controller_0812_tb.srcs/sim_1/imports/new/axi_isa_tb.v:254]
WARNING: [VRFC 10-986] literal value truncated to fit in 5 bits [K:/sola/isa_controller_0812_tb/isa_controller_0812_tb.srcs/sim_1/imports/new/axi_isa_tb.v:257]
WARNING: [VRFC 10-986] literal value truncated to fit in 32 bits [K:/sola/isa_controller_0812_tb/isa_controller_0812_tb.srcs/sim_1/imports/new/axi_isa_tb.v:297]
WARNING: [VRFC 10-986] literal value truncated to fit in 32 bits [K:/sola/isa_controller_0812_tb/isa_controller_0812_tb.srcs/sim_1/imports/new/axi_isa_tb.v:308]
WARNING: [VRFC 10-986] literal value truncated to fit in 32 bits [K:/sola/isa_controller_0812_tb/isa_controller_0812_tb.srcs/sim_1/imports/new/axi_isa_tb.v:330]
WARNING: [VRFC 10-986] literal value truncated to fit in 32 bits [K:/sola/isa_controller_0812_tb/isa_controller_0812_tb.srcs/sim_1/imports/new/axi_isa_tb.v:365]
WARNING: [VRFC 10-986] literal value truncated to fit in 32 bits [K:/sola/isa_controller_0812_tb/isa_controller_0812_tb.srcs/sim_1/imports/new/axi_isa_tb.v:387]
WARNING: [VRFC 10-756] identifier rd_data is used before its declaration [K:/sola/isa_controller_0812_tb/isa_controller_0812_tb.srcs/sim_1/imports/new/axi_isa_tb.v:183]
WARNING: [VRFC 10-756] identifier rd_data is used before its declaration [K:/sola/isa_controller_0812_tb/isa_controller_0812_tb.srcs/sim_1/imports/new/axi_isa_tb.v:194]
WARNING: [VRFC 10-756] identifier rd_data is used before its declaration [K:/sola/isa_controller_0812_tb/isa_controller_0812_tb.srcs/sim_1/imports/new/axi_isa_tb.v:230]
WARNING: [VRFC 10-756] identifier rd_data is used before its declaration [K:/sola/isa_controller_0812_tb/isa_controller_0812_tb.srcs/sim_1/imports/new/axi_isa_tb.v:245]
